TN:
SF:apps\api\express\v1\app.e2e.test.ts
FNF:17
FNH:17
DA:1,117
DA:10,45
DA:12,59
DA:13,59
DA:14,70
DA:15,57
DA:16,57
DA:18,64
DA:19,58
DA:20,20
DA:21,45
DA:22,24
DA:23,74
DA:24,61
DA:25,51
DA:26,55
DA:27,71
DA:28,55
DA:29,37
DA:30,30
DA:32,36
DA:33,36
DA:34,36
DA:35,35
DA:37,4
DA:38,33
DA:39,133
DA:41,28
DA:42,42
DA:43,24
DA:44,4
DA:45,75
DA:47,26
DA:48,18
DA:49,25
DA:50,3
DA:51,4
DA:53,17
DA:54,69
DA:55,71
DA:56,67
DA:57,22
DA:58,4
DA:59,3
DA:61,45
DA:62,17
DA:63,17
DA:64,3
DA:65,19
DA:66,66
DA:67,53
DA:68,3
DA:70,41
DA:72,60
DA:74,64
DA:75,77
DA:76,6
DA:77,3
DA:79,24
DA:80,52
DA:82,15
DA:84,40
DA:85,15
DA:86,22
DA:87,18
DA:88,20
DA:89,6
DA:90,13
DA:91,6
DA:92,15
DA:93,3
DA:94,4
DA:96,45
DA:97,12
DA:99,9
DA:100,3
DA:101,35
DA:103,66
DA:105,13
DA:106,7
DA:107,16
DA:108,9
DA:109,13
DA:110,16
DA:111,10
DA:112,12
DA:113,8
DA:114,6
DA:115,8
DA:116,12
DA:117,13
DA:118,2
DA:121,13
DA:122,15
DA:123,28
DA:124,3
DA:126,16
DA:127,23
DA:129,18
DA:130,38
DA:132,24
DA:133,28
DA:134,36
DA:135,39
DA:136,4
DA:138,47
DA:139,39
DA:141,39
DA:142,3
DA:144,31
DA:145,59
DA:146,65
DA:147,55
DA:148,23
DA:149,40
DA:150,5
DA:151,4
DA:152,43
DA:153,36
DA:154,60
DA:156,25
DA:157,67
DA:158,45
DA:159,35
DA:161,62
DA:162,53
DA:163,36
DA:164,35
DA:166,57
DA:167,73
DA:168,72
DA:169,4
DA:171,80
DA:172,52
DA:173,26
DA:174,1
DA:175,3
DA:176,37
DA:177,39
DA:178,68
DA:179,3
DA:180,3
DA:182,58
DA:183,25
DA:184,23
DA:186,26
DA:187,14
DA:188,18
DA:189,16
DA:190,13
DA:191,3
DA:192,42
DA:193,70
DA:194,70
DA:195,67
DA:196,4
DA:198,55
DA:199,23
DA:200,40
DA:201,8
DA:202,18
DA:203,62
DA:204,5
DA:205,4
DA:207,25
DA:209,43
DA:210,36
DA:211,66
DA:212,52
DA:213,40
DA:214,3
DA:215,34
DA:216,3
DA:218,73
DA:219,25
DA:220,23
DA:222,75
DA:223,43
DA:224,35
DA:225,3
DA:227,38
DA:228,43
DA:229,4
DA:230,3
DA:232,55
DA:233,23
DA:234,40
DA:235,5
DA:236,4
DA:237,41
DA:238,36
DA:239,60
DA:240,42
DA:242,25
DA:243,67
DA:244,45
DA:245,35
DA:247,56
DA:248,23
DA:249,40
DA:250,8
DA:251,18
DA:252,64
DA:253,5
DA:254,4
DA:256,38
DA:257,36
DA:258,60
DA:259,46
DA:261,57
DA:262,53
DA:263,36
DA:264,61
DA:265,68
DA:266,3
DA:267,3
DA:269,95
DA:270,25
DA:271,23
DA:273,69
DA:274,43
DA:275,35
DA:276,3
DA:278,38
DA:279,56
DA:280,17
DA:281,3
DA:283,55
DA:284,23
DA:285,40
DA:286,5
DA:287,4
DA:289,25
DA:291,67
DA:292,45
DA:293,35
DA:295,43
DA:296,36
DA:297,60
DA:298,68
DA:300,74
DA:301,40
DA:302,34
DA:303,5
DA:304,3
DA:305,2
LF:306
LH:246
end_of_record
TN:
SF:apps\api\express\v1\app.ts
FNF:1
FNH:1
DA:2,30
DA:5,39
DA:6,45
DA:8,6
DA:9,16
DA:10,14
DA:11,2
DA:12,33
DA:13,70
DA:15,34
DA:16,43
DA:17,28
DA:19,15
LF:21
LH:13
end_of_record
TN:
SF:apps\api\express\v1\error.ts
FNF:3
FNH:2
DA:1,16
DA:4,53
DA:5,5
DA:6,38
DA:7,32
DA:8,59
DA:9,37
DA:10,65
DA:11,65
DA:12,5
LF:16
LH:10
end_of_record
TN:
SF:apps\api\express\v1\weather.test.ts
FNF:32
FNH:29
DA:1,99
DA:3,58
DA:4,30
DA:5,20
DA:10,85
DA:14,55
DA:15,39
DA:16,46
DA:18,18
DA:20,46
DA:21,39
DA:22,57
DA:24,31
DA:25,77
DA:26,17
DA:28,24
DA:29,40
DA:30,23
DA:31,3
DA:33,15
DA:34,17
DA:35,18
DA:36,3
DA:38,23
DA:39,31
DA:41,39
DA:42,48
DA:43,42
DA:44,36
DA:45,44
DA:46,44
DA:47,3
DA:49,48
DA:50,36
DA:51,44
DA:52,36
DA:53,3
DA:55,75
DA:56,36
DA:57,44
DA:58,36
DA:59,3
DA:61,26
DA:62,43
DA:63,19
DA:64,4
DA:65,3
DA:66,36
DA:67,66
DA:69,26
DA:70,56
DA:71,3
DA:72,36
DA:73,66
DA:75,53
DA:76,34
DA:77,3
DA:78,26
DA:79,52
DA:80,3
DA:81,36
DA:82,61
DA:83,3
DA:85,59
DA:86,76
DA:87,36
DA:88,49
DA:89,3
DA:91,42
DA:92,82
DA:93,51
DA:94,36
DA:95,3
DA:97,71
DA:98,46
DA:99,20
DA:100,31
DA:101,7
DA:102,4
DA:103,38
DA:104,59
DA:105,43
DA:107,42
DA:108,20
DA:109,29
DA:110,7
DA:111,4
DA:112,38
DA:113,59
DA:114,43
DA:116,42
DA:117,20
DA:118,80
DA:119,7
DA:120,4
DA:121,38
DA:122,59
DA:123,43
DA:125,42
DA:126,20
DA:127,43
DA:128,7
DA:129,4
DA:130,38
DA:131,59
DA:132,47
DA:133,3
DA:135,43
DA:136,0
DA:138,3
DA:140,41
DA:141,36
DA:142,3
DA:144,71
DA:145,46
DA:146,20
DA:147,39
DA:148,7
DA:149,4
DA:150,38
DA:151,59
DA:152,65
DA:154,42
DA:155,20
DA:156,69
DA:157,7
DA:158,4
DA:159,38
DA:160,59
DA:161,57
DA:162,16
DA:163,14
DA:164,15
DA:165,13
DA:166,15
DA:167,15
DA:168,4
DA:170,42
DA:171,20
DA:172,51
DA:173,7
DA:174,4
DA:175,38
DA:176,59
DA:177,75
DA:179,42
DA:180,20
DA:181,79
DA:182,7
DA:183,4
DA:184,38
DA:185,59
DA:186,72
DA:188,42
DA:189,20
DA:190,63
DA:191,7
DA:192,4
DA:193,38
DA:194,59
DA:195,57
DA:196,12
DA:197,20
DA:198,20
DA:199,4
DA:201,42
DA:202,20
DA:203,130
DA:204,7
DA:205,4
DA:206,38
DA:207,59
DA:208,57
DA:209,28
DA:210,19
DA:211,16
DA:212,65
DA:213,8
DA:214,3
DA:216,86
DA:217,0
DA:219,3
DA:221,71
DA:222,31
DA:223,28
DA:224,25
DA:225,47
DA:226,3
DA:228,48
DA:229,46
DA:230,20
DA:231,40
DA:232,7
DA:233,4
DA:234,38
DA:235,49
DA:236,57
DA:237,64
DA:238,3
DA:239,71
DA:240,66
DA:242,48
DA:243,42
DA:244,20
DA:245,52
DA:246,7
DA:247,4
DA:248,38
DA:249,49
DA:250,57
DA:251,64
DA:252,3
DA:253,71
DA:254,84
DA:255,3
DA:257,64
DA:258,51
DA:259,36
DA:260,3
DA:262,71
DA:263,31
DA:264,28
DA:265,25
DA:266,47
DA:267,3
DA:269,48
DA:270,46
DA:271,20
DA:272,40
DA:273,7
DA:274,4
DA:275,38
DA:276,59
DA:277,66
DA:279,48
DA:280,42
DA:281,20
DA:282,52
DA:283,7
DA:284,4
DA:285,38
DA:286,59
DA:287,84
DA:288,5
DA:289,3
DA:291,35
DA:292,79
DA:293,43
DA:294,36
DA:295,3
DA:297,27
DA:298,25
DA:299,27
DA:300,31
DA:301,31
DA:302,28
DA:303,3
DA:304,54
DA:306,97
DA:307,40
DA:308,38
DA:309,59
DA:310,50
DA:311,22
DA:312,32
DA:313,6
DA:314,7
DA:315,3
DA:317,64
DA:318,30
DA:319,0
DA:321,3
DA:323,27
DA:324,25
DA:325,27
DA:326,44
DA:327,44
DA:328,41
DA:329,3
DA:330,54
DA:332,97
DA:333,40
DA:334,38
DA:336,60
DA:337,54
DA:338,38
DA:339,3
DA:340,55
DA:341,55
DA:342,3
DA:344,59
DA:345,30
DA:347,27
DA:348,25
DA:349,27
DA:350,31
DA:351,31
DA:352,28
DA:353,3
DA:354,54
DA:355,48
DA:356,32
DA:357,49
DA:358,22
DA:359,4
DA:361,97
DA:362,40
DA:363,38
DA:365,70
DA:366,54
DA:367,40
DA:368,3
DA:369,55
DA:370,50
DA:371,22
DA:372,32
DA:373,6
DA:374,7
DA:375,4
DA:376,3
DA:377,2
LF:378
LH:318
end_of_record
TN:
SF:apps\api\express\v1\weather.ts
FNF:19
FNH:19
DA:19,1
DA:20,13
DA:21,72
DA:22,60
DA:23,18
DA:24,4
DA:25,24
DA:27,64
DA:28,52
DA:29,14
DA:30,12
DA:33,15
DA:34,56
DA:35,82
DA:36,118
DA:38,106
DA:39,146
DA:41,106
DA:42,116
DA:43,127
DA:47,32
DA:48,88
DA:49,106
DA:50,118
DA:52,98
DA:53,162
DA:55,44
DA:58,47
DA:59,14
DA:60,24
DA:61,62
DA:62,8
DA:63,34
DA:64,206
DA:65,4
DA:66,22
DA:69,31
DA:70,94
DA:76,39
DA:77,71
DA:78,93
DA:79,12
DA:80,140
DA:81,86
DA:82,78
DA:84,152
DA:87,14
DA:88,10
DA:89,20
DA:90,20
DA:91,4
DA:92,50
DA:93,17
DA:94,68
DA:95,8
DA:96,34
DA:97,212
DA:98,21
DA:100,26
DA:101,34
DA:102,136
DA:103,5
DA:105,96
DA:108,26
DA:109,18
DA:110,88
DA:111,122
DA:112,146
DA:114,86
DA:115,68
DA:117,87
DA:118,47
DA:119,49
DA:120,84
DA:121,24
DA:122,10
DA:123,70
DA:124,53
DA:125,10
DA:126,134
DA:127,5
DA:128,91
DA:134,26
DA:135,171
DA:136,30
DA:137,76
DA:139,128
DA:140,56
DA:141,44
DA:142,78
DA:145,110
DA:146,58
DA:147,52
DA:148,23
DA:149,34
DA:150,136
DA:151,58
DA:152,94
DA:153,92
DA:154,6
DA:155,62
DA:156,64
DA:157,46
DA:159,1
LF:160
LH:104
end_of_record
TN:
SF:apps\api\guard\artifact\weather-query.ts
FNF:56
FNH:56
DA:3,42
DA:5,1068
DA:6,30
DA:7,23
DA:8,23
DA:9,90
DA:10,31
DA:11,23
DA:12,24
DA:13,121
DA:14,30
DA:15,37
DA:16,23
DA:17,266
DA:18,31
DA:19,35
DA:20,93
DA:21,25
DA:22,34
DA:23,18
DA:24,92
DA:25,42
DA:26,433
DA:27,17
DA:28,67
DA:29,42
DA:30,433
DA:31,17
DA:32,118
DA:33,42
DA:34,433
DA:35,17
DA:36,93
DA:37,42
DA:38,433
DA:39,17
DA:40,44
DA:41,25
DA:42,34
DA:43,18
DA:44,45
DA:45,4
DA:46,3
DA:47,8194
LF:48
LH:44
end_of_record
TN:
SF:apps\api\misc\email-formatter.ts
FNF:7
FNH:7
DA:1,58
DA:4,44
DA:6,6
DA:7,6
DA:8,8
DA:9,10
DA:10,2
DA:11,112
DA:14,107
DA:17,66
DA:18,44
DA:19,144
DA:30,1
DA:31,8
DA:32,10
DA:33,2
DA:34,38
DA:35,36
DA:36,57
DA:37,62
DA:39,17
DA:40,46
DA:41,39
DA:42,1
DA:43,1
DA:46,13
DA:47,35
DA:48,3
DA:49,32
DA:50,62
DA:53,28
DA:54,9
DA:55,24
DA:56,10
DA:57,41
DA:58,16
DA:59,49
DA:60,0
DA:61,5
DA:62,13
DA:63,35
DA:65,0
DA:66,0
DA:67,0
DA:68,0
DA:70,0
DA:71,0
DA:72,0
DA:73,0
DA:74,0
DA:75,0
DA:77,0
DA:78,0
DA:79,0
DA:80,0
DA:82,0
DA:83,0
DA:84,0
DA:85,0
DA:86,0
DA:87,0
DA:89,0
DA:90,0
DA:91,0
DA:92,0
DA:94,0
DA:95,0
DA:96,0
DA:97,0
DA:98,0
DA:99,0
DA:101,0
DA:102,0
DA:104,0
DA:105,0
DA:106,0
DA:107,0
DA:108,0
DA:109,0
DA:111,0
DA:112,0
DA:113,0
DA:114,0
DA:116,0
DA:117,0
DA:119,0
DA:120,0
DA:121,0
DA:122,0
DA:126,16
DA:127,26
DA:128,0
DA:129,5
DA:130,6
DA:131,43
DA:132,6
DA:133,43
DA:134,6
DA:135,38
DA:136,0
DA:137,0
DA:138,0
DA:139,5
DA:140,6
DA:141,43
DA:142,6
DA:143,43
DA:144,6
DA:145,38
DA:146,0
DA:147,0
DA:148,0
DA:149,0
DA:150,0
DA:151,5
DA:152,6
DA:153,38
DA:154,0
DA:155,0
DA:156,0
DA:157,0
DA:158,0
DA:159,5
DA:160,6
DA:161,38
DA:162,0
DA:163,0
DA:164,0
DA:165,0
DA:166,0
DA:167,5
DA:168,6
DA:169,38
DA:170,0
DA:171,0
DA:172,0
DA:173,0
DA:174,0
DA:175,0
DA:177,1
LF:181
LH:66
end_of_record
TN:
SF:apps\api\repository\cache-metadata.test.ts
FNF:8
FNH:8
DA:1,85
DA:2,53
DA:3,46
DA:4,59
DA:6,26
DA:8,30
DA:10,45
DA:11,53
DA:12,153
DA:13,49
DA:14,25
DA:15,6
DA:16,20
DA:17,17
DA:18,3
DA:20,16
DA:21,70
DA:22,28
DA:23,54
DA:24,3
DA:26,53
DA:27,49
DA:28,29
DA:29,16
DA:30,16
DA:31,50
DA:32,16
DA:33,47
DA:34,3
DA:35,49
DA:37,43
DA:38,62
DA:39,56
DA:40,3
DA:42,53
DA:43,49
DA:44,57
DA:46,69
DA:47,67
DA:48,3
DA:49,2
LF:50
LH:41
end_of_record
TN:
SF:apps\api\repository\cache-metadata.ts
FNF:12
FNH:12
DA:12,71
DA:13,24
DA:16,23
DA:17,102
DA:18,107
DA:21,8
DA:22,28
DA:23,20
DA:24,19
DA:25,4
DA:26,130
DA:27,28
DA:28,20
DA:29,16
DA:30,6
DA:31,78
DA:32,49
DA:35,39
DA:36,120
DA:39,17
DA:40,28
DA:41,20
DA:42,19
DA:43,4
DA:44,132
DA:45,34
DA:46,34
DA:47,30
DA:48,24
DA:49,29
DA:52,38
DA:53,90
DA:54,18
DA:55,72
DA:56,6
DA:57,97
DA:59,1
LF:60
LH:37
end_of_record
TN:
SF:apps\api\repository\weather.test.ts
FNF:30
FNH:30
DA:1,111
DA:14,223
DA:34,55
DA:35,105
DA:43,46
DA:45,64
DA:47,16
DA:48,17
DA:49,18
DA:50,3
DA:52,50
DA:54,39
DA:55,50
DA:56,52
DA:58,24
DA:59,60
DA:60,18
DA:61,3
DA:62,3
DA:63,6
DA:65,9
DA:66,8
DA:67,49
DA:71,23
DA:72,67
DA:73,74
DA:74,71
DA:75,74
DA:76,67
DA:77,69
DA:78,3
DA:79,37
DA:80,39
DA:81,54
DA:83,48
DA:84,69
DA:85,56
DA:86,42
DA:87,3
DA:89,47
DA:90,42
DA:91,31
DA:92,28
DA:93,4
DA:94,44
DA:95,31
DA:96,28
DA:97,4
DA:98,45
DA:99,31
DA:100,28
DA:101,4
DA:102,39
DA:103,31
DA:104,31
DA:105,31
DA:106,28
DA:107,6
DA:108,3
DA:110,50
DA:111,52
DA:115,41
DA:116,23
DA:117,35
DA:120,55
DA:121,55
DA:125,77
DA:126,77
DA:130,70
DA:131,70
DA:135,72
DA:136,70
DA:137,69
DA:138,70
DA:139,71
DA:140,70
DA:143,70
DA:144,68
DA:145,67
DA:146,68
DA:147,69
DA:148,65
DA:149,3
DA:150,37
DA:151,39
DA:152,30
DA:153,14
DA:154,14
DA:155,14
DA:156,14
DA:157,42
DA:158,3
DA:160,54
DA:161,48
DA:162,65
DA:163,56
DA:164,42
DA:165,3
DA:167,35
DA:168,49
DA:169,3
DA:170,37
DA:171,46
DA:172,3
DA:173,38
DA:174,43
DA:175,3
DA:177,48
DA:178,3
DA:180,64
DA:181,52
DA:183,23
DA:184,43
DA:185,63
DA:186,55
DA:187,36
DA:188,38
DA:189,33
DA:190,3
DA:191,37
DA:192,39
DA:194,54
DA:195,48
DA:196,56
DA:197,38
DA:198,3
DA:199,56
DA:200,42
DA:201,5
DA:202,3
DA:204,82
DA:205,52
DA:206,23
DA:207,31
DA:208,53
DA:209,45
DA:210,26
DA:211,26
DA:212,24
DA:213,30
DA:214,30
DA:215,30
DA:216,21
DA:217,3
DA:218,37
DA:219,39
DA:220,65
DA:221,45
DA:222,8
DA:223,3
DA:225,51
DA:226,53
DA:228,41
DA:229,61
DA:230,65
DA:231,3
DA:232,2
LF:233
LH:157
end_of_record
TN:
SF:apps\api\repository\weather.ts
FNF:9
FNH:8
DA:16,125
DA:17,24
DA:20,39
DA:21,48
DA:22,46
DA:23,38
DA:24,42
DA:25,44
DA:26,26
DA:27,6
DA:29,102
DA:30,94
DA:31,6
DA:33,90
DA:34,85
DA:36,54
DA:37,121
DA:38,92
DA:39,52
DA:40,33
DA:41,54
DA:42,4
DA:44,80
DA:45,101
DA:48,105
DA:49,62
DA:50,70
DA:51,74
DA:52,80
DA:53,43
DA:54,3
DA:55,154
DA:56,77
DA:60,70
DA:61,140
DA:62,140
DA:63,94
DA:64,3
DA:66,43
DA:69,51
DA:70,82
DA:71,81
DA:73,44
DA:74,7
DA:75,36
DA:76,115
DA:77,4
DA:78,74
DA:79,40
DA:80,16
DA:81,28
DA:82,0
DA:83,0
DA:84,0
DA:85,0
DA:86,0
DA:87,0
DA:88,22
DA:89,6
DA:92,122
DA:99,34
DA:104,102
DA:106,1
LF:107
LH:57
end_of_record
TN:
SF:apps\api\service\event.test.ts
FNF:9
FNH:9
DA:1,91
DA:2,57
DA:3,49
DA:4,53
DA:5,49
DA:6,60
DA:8,34
DA:9,43
DA:10,43
DA:11,49
DA:13,67
DA:14,3
DA:15,3
DA:17,40
DA:19,30
DA:21,41
DA:22,60
DA:23,57
DA:24,67
DA:25,50
DA:26,3
DA:28,47
DA:29,57
DA:30,26
DA:31,44
DA:32,39
DA:33,31
DA:34,3
DA:35,24
DA:36,37
DA:37,37
DA:38,38
DA:39,3
DA:40,51
DA:41,38
DA:43,79
DA:44,38
DA:45,48
DA:46,47
DA:47,37
DA:48,9
DA:49,18
DA:50,64
DA:51,40
DA:52,5
DA:53,1
DA:54,5
DA:55,3
DA:56,2
LF:57
LH:49
end_of_record
TN:
SF:apps\api\service\event.ts
FNF:8
FNH:7
DA:7,1
DA:8,43
DA:9,24
DA:10,132
DA:13,17
DA:14,64
DA:16,2
DA:18,122
DA:19,57
DA:21,152
DA:22,24
DA:26,6
DA:27,14
DA:28,19
DA:29,4
DA:30,102
DA:31,54
DA:35,137
DA:36,86
DA:37,36
DA:38,128
DA:39,82
DA:40,10
DA:41,2
DA:42,10
DA:45,45
DA:46,92
DA:49,0
DA:50,44
DA:52,1
LF:53
LH:29
end_of_record
TN:
SF:apps\api\service\weather.test.ts
FNF:28
FNH:28
DA:1,100
DA:3,38
DA:5,121
DA:11,98
DA:20,43
DA:22,39
DA:23,49
DA:24,49
DA:25,38
DA:27,16
DA:28,17
DA:29,18
DA:30,3
DA:32,50
DA:34,36
DA:35,87
DA:36,62
DA:38,24
DA:39,43
DA:40,23
DA:41,40
DA:42,40
DA:43,40
DA:44,38
DA:45,38
DA:46,40
DA:47,37
DA:48,3
DA:49,37
DA:50,39
DA:52,49
DA:53,29
DA:54,52
DA:55,54
DA:56,22
DA:57,13
DA:58,4
DA:60,60
DA:61,24
DA:62,3
DA:63,60
DA:64,52
DA:65,48
DA:66,50
DA:67,3
DA:69,91
DA:70,62
DA:72,26
DA:73,43
DA:74,65
DA:75,23
DA:76,40
DA:77,45
DA:78,40
DA:79,43
DA:80,38
DA:81,45
DA:82,37
DA:83,3
DA:84,37
DA:85,39
DA:87,29
DA:88,29
DA:89,52
DA:90,54
DA:91,22
DA:92,38
DA:93,3
DA:94,55
DA:96,19
DA:97,18
DA:98,30
DA:100,57
DA:101,37
DA:102,29
DA:103,56
DA:104,3
DA:105,16
DA:106,44
DA:107,30
DA:108,18
DA:109,1
DA:110,46
DA:111,58
DA:112,45
DA:113,20
DA:114,18
DA:115,3
DA:116,24
DA:118,60
DA:119,76
DA:120,49
DA:121,18
DA:122,43
DA:123,3
DA:124,49
DA:125,18
DA:126,43
DA:127,5
DA:128,3
DA:130,79
DA:131,62
DA:133,26
DA:134,43
DA:135,65
DA:136,23
DA:137,40
DA:138,45
DA:139,35
DA:140,43
DA:141,38
DA:142,45
DA:143,32
DA:144,3
DA:145,37
DA:146,39
DA:148,29
DA:149,29
DA:150,52
DA:151,54
DA:152,38
DA:153,38
DA:154,3
DA:155,55
DA:157,73
DA:159,19
DA:160,18
DA:161,30
DA:163,57
DA:164,37
DA:165,29
DA:166,51
DA:167,3
DA:168,68
DA:169,30
DA:170,18
DA:171,3
DA:172,60
DA:173,58
DA:174,55
DA:175,24
DA:177,60
DA:178,71
DA:179,49
DA:180,13
DA:181,38
DA:182,3
DA:183,49
DA:184,13
DA:185,38
DA:186,5
DA:187,3
DA:188,2
LF:189
LH:153
end_of_record
TN:
SF:apps\api\service\weather.ts
FNF:11
FNH:9
DA:13,1
DA:15,13
DA:16,38
DA:17,28
DA:18,34
DA:19,4
DA:20,24
DA:21,80
DA:22,72
DA:23,71
DA:26,31
DA:27,120
DA:28,114
DA:29,130
DA:30,62
DA:31,108
DA:33,102
DA:34,41
DA:35,0
DA:36,0
DA:37,0
DA:38,0
DA:39,0
DA:40,26
DA:41,6
DA:42,46
DA:43,4
DA:44,0
DA:45,0
DA:46,22
DA:47,6
DA:48,66
DA:49,108
DA:51,70
DA:52,125
DA:53,102
DA:54,98
DA:55,102
DA:56,86
DA:58,78
DA:59,3
DA:61,115
DA:64,16
DA:65,13
DA:66,4
DA:67,116
DA:68,78
DA:69,79
DA:70,40
DA:73,53
DA:74,58
DA:75,96
DA:76,96
DA:77,25
DA:80,13
DA:81,14
DA:82,16
DA:83,4
DA:84,65
DA:85,96
DA:86,52
DA:87,74
DA:88,64
DA:89,77
DA:90,56
DA:91,8
DA:93,1
LF:94
LH:60
end_of_record
TN:
SF:apps\api\test\container.ts
FNF:16
FNH:16
DA:1,52
DA:6,57
DA:7,57
DA:8,78
DA:9,38
DA:10,37
DA:12,25
DA:13,29
DA:18,44
DA:19,18
DA:20,19
DA:21,67
DA:23,60
DA:24,64
DA:26,58
DA:27,19
DA:28,4
DA:29,2
DA:30,17
DA:31,28
DA:32,2
DA:34,25
DA:35,29
DA:38,42
DA:39,18
DA:40,31
DA:41,30
DA:43,37
DA:44,2
DA:45,17
DA:46,31
DA:47,33
DA:48,2
DA:50,28
DA:51,29
DA:55,59
DA:56,18
DA:57,51
DA:58,30
DA:59,45
DA:60,60
DA:61,2
DA:62,17
DA:63,29
DA:64,28
DA:65,2
DA:67,27
DA:68,74
LF:69
LH:48
end_of_record
TN:
SF:apps\api\test\helper.ts
FNF:12
FNH:12
DA:1,104
DA:2,92
DA:5,142
DA:6,116
DA:7,138
DA:8,104
DA:10,32
DA:11,26
DA:12,32
DA:13,32
DA:14,38
DA:15,32
DA:16,40
DA:17,40
DA:18,46
DA:19,34
DA:20,6
DA:23,51
DA:24,62
DA:25,66
DA:27,26
DA:28,40
DA:29,36
DA:30,36
DA:31,36
DA:32,42
DA:33,44
DA:34,48
DA:35,50
DA:36,12
DA:37,20
DA:38,18
DA:39,6
DA:42,101
DA:43,21
DA:45,49
DA:48,30
DA:49,2
DA:51,125
DA:52,21
DA:54,49
DA:57,46
DA:58,44
DA:59,2
DA:61,133
DA:62,21
DA:64,49
DA:66,30
DA:67,50
DA:68,54
DA:69,2
DA:71,106
DA:72,146
DA:74,42
DA:77,17
DA:78,58
DA:80,2
DA:82,113
DA:83,21
DA:85,93
DA:88,44
DA:89,2
DA:91,149
DA:92,21
DA:94,49
DA:97,34
DA:98,28
DA:99,1
DA:101,48
DA:102,26
DA:103,42
DA:104,6
LF:106
LH:72
end_of_record
TN:
SF:apps\api\test\weather.ts
FNF:6
FNH:6
DA:4,30
DA:5,47
DA:7,25
DA:8,23
DA:9,41
DA:10,42
DA:12,32
DA:13,53
DA:14,32
DA:15,49
DA:16,30
DA:17,49
DA:19,60
LF:23
LH:13
end_of_record
TN:
SF:packages\city-list\data.ts
FNF:5
FNH:5
DA:2,36
DA:4,38
DA:5,3
DA:6,11
DA:7,10
DA:8,2
DA:10,12
DA:16,13
DA:17,15
DA:18,4
DA:19,11
DA:20,3
DA:21,14
DA:22,8
DA:23,5
DA:24,20
DA:25,2
DA:28,25
DA:30,88
DA:31,106
DA:32,89
DA:33,85
DA:34,93
DA:35,82
DA:36,91
DA:37,93
DA:38,86
DA:39,94
DA:40,91
DA:41,91
DA:42,91
DA:43,92
DA:44,88
DA:45,100
DA:46,103
DA:47,104
DA:48,86
DA:49,102
DA:50,79
DA:51,84
DA:52,100
DA:53,81
DA:54,91
DA:55,94
DA:56,83
DA:57,2
DA:59,10
DA:60,47
DA:63,41
DA:64,47
DA:65,29
DA:66,5
DA:67,1
DA:68,2
DA:70,29
DA:71,64
LF:73
LH:56
end_of_record
TN:
SF:packages\city-list\enum.ts
FNF:3
FNH:2
DA:1,60
DA:2,34
DA:3,46
DA:4,36
DA:5,32
DA:6,39
DA:7,32
DA:8,38
DA:9,40
DA:10,32
DA:11,40
DA:12,38
DA:13,36
DA:14,40
DA:15,38
DA:16,36
DA:17,45
DA:18,43
DA:19,51
DA:20,34
DA:21,43
DA:22,32
DA:23,34
DA:24,39
DA:25,32
DA:26,34
DA:27,36
DA:28,36
DA:31,37
DA:32,52
DA:34,0
DA:35,0
DA:36,1
LF:39
LH:31
end_of_record
TN:
SF:packages\city-list\index.ts
FNF:1
FNH:1
DA:1,36
DA:2,44
LF:3
LH:2
end_of_record
TN:
SF:packages\common\backend.ts
FNF:5
FNH:4
DA:4,50
DA:5,56
DA:6,10
DA:8,11
DA:9,45
DA:10,64
DA:11,1
DA:12,19
DA:15,5
DA:16,52
DA:17,42
DA:19,2
LF:21
LH:12
end_of_record
TN:
SF:packages\common\env.ts
FNF:7
FNH:1
DA:2,1
DA:4,0
DA:5,0
DA:6,0
DA:7,7
DA:9,2
DA:11,77
DA:12,0
DA:13,0
DA:14,0
DA:15,0
DA:16,0
DA:17,0
DA:18,0
DA:19,0
DA:20,0
DA:21,0
DA:22,0
DA:23,0
DA:24,0
DA:25,0
DA:26,0
DA:27,0
DA:28,0
DA:29,0
DA:30,0
DA:31,0
DA:32,0
DA:33,65
DA:37,0
DA:38,0
DA:39,0
DA:40,0
DA:41,0
DA:42,0
DA:43,0
DA:44,0
DA:45,21
DA:48,0
DA:49,0
DA:50,0
DA:51,0
DA:52,0
DA:53,0
DA:54,0
DA:55,17
DA:58,0
DA:59,0
DA:60,0
DA:61,0
DA:62,0
DA:63,0
DA:64,0
DA:65,17
DA:68,0
DA:69,0
DA:70,0
DA:71,0
DA:72,19
LF:75
LH:9
end_of_record
TN:
SF:packages\common\errors.ts
FNF:2
FNH:1
DA:2,1
DA:4,13
DA:5,66
DA:6,65
DA:7,4
DA:8,111
DA:9,94
DA:11,2
DA:13,94
DA:14,72
DA:16,71
DA:18,0
DA:19,0
DA:20,0
DA:21,0
DA:22,0
DA:23,0
DA:24,0
DA:25,0
DA:26,0
DA:27,3
DA:29,1
LF:30
LH:13
end_of_record
TN:
SF:packages\common\index.ts
FNF:1
FNH:1
DA:1,36
DA:5,37
DA:6,27
LF:7
LH:3
end_of_record
TN:
SF:packages\email\broker.ts
FNF:1
FNH:1
DA:1,43
LF:2
LH:1
end_of_record
TN:
SF:packages\email\e2e.test.ts
FNF:14
FNH:13
DA:1,80
DA:2,61
DA:3,20
DA:4,45
DA:5,40
DA:6,45
DA:7,45
DA:8,53
DA:10,36
DA:11,35
DA:13,73
DA:15,52
DA:16,32
DA:18,16
DA:19,35
DA:20,53
DA:21,3
DA:23,34
DA:24,26
DA:25,14
DA:26,30
DA:27,27
DA:28,225
DA:29,3
DA:31,38
DA:32,57
DA:33,44
DA:34,17
DA:35,24
DA:36,20
DA:37,19
DA:38,4
DA:40,62
DA:41,73
DA:43,32
DA:44,28
DA:45,25
DA:47,58
DA:48,40
DA:50,28
DA:51,69
DA:52,69
DA:53,81
DA:54,3
DA:56,62
DA:57,44
DA:58,17
DA:59,24
DA:60,20
DA:61,19
DA:62,4
DA:64,51
DA:65,51
DA:67,63
DA:68,74
DA:70,32
DA:71,28
DA:72,25
DA:74,58
DA:75,40
DA:77,28
DA:78,69
DA:79,69
DA:80,81
DA:81,3
DA:82,3
DA:84,34
DA:85,69
DA:86,36
DA:87,11
DA:88,8
DA:89,12
DA:90,42
DA:91,21
DA:92,16
DA:93,11
DA:94,22
DA:95,38
DA:96,18
DA:97,33
DA:98,7
DA:99,1
DA:100,1
DA:101,3
DA:103,29
DA:104,55
DA:105,3
DA:106,76
DA:108,0
DA:109,0
DA:110,0
DA:111,2
DA:113,34
DA:114,34
DA:116,25
DA:117,34
DA:118,62
DA:121,32
DA:122,61
DA:123,26
DA:125,65
DA:126,32
DA:127,58
DA:129,58
DA:130,64
DA:132,32
DA:133,57
DA:134,71
DA:135,71
DA:136,50
DA:137,1
DA:139,23
DA:140,25
DA:141,3
DA:142,2
LF:143
LH:112
end_of_record
TN:
SF:packages\email\guard\artifact\message.ts
FNF:68
FNH:4
DA:2,42
DA:3,0
DA:4,0
DA:5,0
DA:6,0
DA:7,0
DA:8,0
DA:9,0
DA:10,0
DA:11,0
DA:12,0
DA:13,0
DA:14,0
DA:15,0
DA:16,0
DA:17,0
DA:18,0
DA:19,0
DA:20,0
DA:21,0
DA:22,0
DA:23,0
DA:24,0
DA:25,2
DA:26,0
DA:27,0
DA:28,0
DA:29,0
DA:30,0
DA:31,0
DA:32,0
DA:33,0
DA:34,0
DA:35,0
DA:36,0
DA:37,0
DA:38,0
DA:39,0
DA:40,0
DA:41,0
DA:42,0
DA:43,0
DA:44,0
DA:45,0
DA:46,0
DA:47,0
DA:48,0
DA:49,0
DA:50,0
DA:51,0
DA:52,0
DA:53,0
DA:54,0
DA:55,0
DA:56,0
DA:57,0
DA:58,0
DA:59,0
DA:60,0
DA:61,0
DA:62,0
DA:63,0
DA:64,0
DA:65,0
DA:66,0
DA:67,0
DA:68,0
DA:69,0
DA:70,0
DA:71,0
DA:72,0
DA:73,0
DA:74,0
DA:75,0
DA:76,0
DA:77,0
DA:78,0
DA:79,0
DA:80,0
DA:81,0
DA:82,0
DA:83,0
DA:84,0
DA:85,0
DA:86,0
DA:87,0
DA:88,0
DA:89,0
DA:90,0
DA:91,0
DA:92,2
DA:93,0
DA:94,0
DA:95,0
DA:96,0
DA:97,0
DA:98,0
DA:99,0
DA:100,0
DA:102,0
DA:103,0
DA:104,0
DA:105,0
DA:107,0
DA:108,0
DA:109,0
DA:110,0
DA:112,0
DA:113,0
DA:114,0
DA:115,0
DA:117,0
DA:118,0
DA:119,0
DA:120,0
DA:121,0
DA:122,0
DA:124,0
DA:125,0
DA:126,0
DA:127,0
DA:128,0
DA:129,0
DA:131,0
DA:132,0
DA:133,0
DA:134,0
DA:135,0
DA:136,0
DA:138,0
DA:139,0
DA:140,0
DA:141,0
DA:143,0
DA:144,0
DA:145,0
DA:146,0
DA:147,0
DA:148,0
DA:150,0
DA:151,0
DA:152,0
DA:153,0
DA:154,0
DA:155,0
DA:157,0
DA:158,0
DA:159,0
DA:160,0
DA:161,0
DA:162,0
DA:163,0
DA:164,0
DA:165,0
DA:166,0
DA:167,0
DA:168,0
DA:169,0
DA:170,0
DA:171,0
DA:172,0
DA:173,0
DA:174,0
DA:175,0
DA:176,0
DA:177,0
DA:178,0
DA:179,0
DA:180,0
DA:181,0
DA:182,0
DA:183,0
DA:184,0
DA:185,0
DA:186,0
DA:187,0
DA:188,0
DA:189,0
DA:190,0
DA:191,0
DA:192,0
DA:193,0
DA:194,0
DA:195,0
DA:196,0
DA:197,0
DA:198,0
DA:199,0
DA:200,0
DA:201,0
DA:202,0
DA:203,0
DA:204,0
DA:205,0
DA:206,0
DA:207,0
DA:208,0
DA:209,0
DA:210,0
DA:211,0
DA:212,0
DA:213,0
DA:214,0
DA:215,0
DA:216,0
DA:217,0
DA:218,0
DA:219,0
DA:220,0
DA:221,0
DA:222,0
DA:223,0
DA:224,0
DA:225,0
DA:226,0
DA:227,0
DA:228,0
DA:229,0
DA:230,0
DA:231,0
DA:232,0
DA:233,0
DA:234,0
DA:235,0
DA:236,0
DA:237,0
DA:238,0
DA:239,0
DA:240,0
DA:241,0
DA:242,0
DA:243,0
DA:244,0
DA:245,0
DA:246,0
DA:247,0
DA:248,0
DA:249,0
DA:250,0
DA:251,0
DA:252,0
DA:253,0
DA:254,0
DA:255,0
DA:256,0
DA:257,0
DA:258,0
DA:259,0
DA:260,0
DA:261,0
DA:262,0
DA:263,0
DA:264,0
DA:265,0
DA:266,0
DA:267,0
DA:268,0
DA:269,0
DA:270,0
DA:271,0
DA:272,0
DA:273,0
DA:274,0
DA:275,0
DA:276,0
DA:277,0
DA:278,0
DA:279,0
DA:280,0
DA:281,0
DA:282,0
DA:283,0
DA:284,0
DA:285,0
DA:286,0
DA:287,0
DA:288,0
DA:289,0
DA:290,0
DA:291,0
DA:292,0
DA:293,0
DA:294,0
DA:295,0
DA:296,0
DA:297,0
DA:298,0
DA:299,0
DA:300,0
DA:301,0
DA:302,0
DA:303,0
DA:304,0
DA:305,0
DA:306,0
DA:307,0
DA:308,0
DA:309,0
DA:310,0
DA:311,0
DA:312,0
DA:313,0
DA:314,0
DA:315,0
DA:316,0
DA:317,0
DA:318,0
DA:319,0
DA:320,0
DA:321,0
DA:322,0
DA:323,0
DA:324,0
DA:325,0
DA:326,0
DA:327,0
DA:328,0
DA:329,0
DA:330,0
DA:331,0
DA:332,0
DA:333,0
DA:334,0
DA:335,0
DA:336,0
DA:337,0
DA:338,0
DA:339,0
DA:340,0
DA:341,0
DA:342,0
DA:343,0
DA:344,0
DA:345,0
DA:346,0
DA:347,0
DA:348,0
DA:349,0
DA:350,0
DA:351,0
DA:352,0
DA:353,0
DA:354,0
DA:355,0
DA:356,0
DA:357,0
DA:358,0
DA:359,0
DA:360,0
DA:361,0
DA:362,0
DA:363,0
DA:364,0
DA:365,0
DA:366,0
DA:367,0
DA:368,0
DA:369,0
DA:370,0
DA:371,0
DA:372,0
DA:373,0
DA:374,0
DA:375,0
DA:376,0
DA:377,0
DA:378,0
DA:379,0
DA:380,0
DA:381,0
DA:382,0
DA:383,0
DA:384,0
DA:385,0
DA:386,0
DA:387,0
DA:388,0
DA:389,0
DA:390,0
DA:391,0
DA:392,0
DA:393,0
DA:394,0
DA:395,0
DA:396,0
DA:397,0
DA:398,0
DA:399,0
DA:400,0
DA:401,0
DA:402,0
DA:403,0
DA:404,0
DA:405,0
DA:406,0
DA:407,0
DA:408,0
DA:409,0
DA:410,0
DA:411,0
DA:412,0
DA:413,0
DA:414,0
DA:415,0
DA:416,0
DA:417,0
DA:418,0
DA:419,0
DA:420,0
DA:421,0
DA:422,0
DA:423,0
DA:424,0
DA:425,0
DA:426,0
DA:427,0
DA:428,0
DA:429,0
DA:430,0
DA:431,0
DA:432,0
DA:433,0
DA:434,0
DA:435,0
DA:436,0
DA:437,0
DA:438,0
DA:439,0
DA:440,0
DA:441,0
DA:442,0
DA:443,0
DA:444,0
DA:445,0
DA:446,0
DA:447,0
DA:448,0
DA:449,0
DA:450,0
DA:451,0
DA:452,0
DA:453,0
DA:454,0
DA:455,0
DA:456,0
DA:457,0
DA:458,0
DA:459,0
DA:460,0
DA:461,0
DA:462,0
DA:463,0
DA:464,0
DA:465,0
DA:466,0
DA:467,0
DA:468,0
DA:469,0
DA:470,0
DA:471,0
DA:472,0
DA:473,0
DA:474,0
DA:475,0
DA:476,0
DA:477,0
DA:478,0
DA:479,0
DA:480,0
DA:481,0
DA:482,0
DA:483,0
DA:484,0
DA:485,0
DA:486,0
DA:487,0
DA:488,0
DA:489,0
DA:490,0
DA:491,0
DA:492,0
DA:493,0
DA:494,0
DA:495,0
DA:496,0
DA:497,0
DA:498,0
DA:499,0
DA:500,0
DA:501,0
DA:502,0
DA:503,0
DA:504,0
DA:505,0
DA:506,0
DA:507,0
DA:508,0
DA:509,0
DA:510,0
DA:511,0
DA:512,0
DA:513,0
DA:514,0
DA:515,0
DA:516,0
DA:517,0
DA:518,0
DA:519,0
DA:520,0
DA:521,0
DA:522,0
DA:523,0
DA:524,0
DA:525,0
DA:526,0
DA:527,0
DA:528,0
DA:529,0
DA:530,0
DA:531,0
DA:532,0
DA:533,0
DA:534,0
DA:535,0
DA:536,0
DA:537,0
DA:538,0
DA:539,0
DA:540,0
DA:541,0
DA:542,0
DA:543,0
DA:544,0
DA:545,0
DA:546,0
DA:547,0
DA:548,0
DA:549,0
DA:550,0
DA:551,0
DA:552,0
DA:553,0
DA:554,0
DA:555,0
DA:556,0
DA:557,0
DA:558,0
DA:559,0
DA:560,0
DA:561,0
DA:562,0
DA:563,0
DA:564,0
DA:565,0
DA:566,0
DA:567,0
DA:568,0
DA:569,0
DA:570,0
DA:571,0
DA:572,0
DA:573,0
DA:574,0
DA:575,0
DA:576,0
DA:577,0
DA:578,0
DA:579,0
DA:580,0
DA:581,0
DA:582,0
DA:583,0
DA:584,0
DA:585,0
DA:586,0
DA:587,0
DA:588,0
DA:589,0
DA:590,0
DA:591,0
DA:592,0
DA:593,0
DA:594,0
DA:595,0
DA:596,0
DA:597,0
DA:598,0
DA:599,0
DA:600,0
DA:601,0
DA:602,0
DA:603,0
DA:604,0
DA:605,0
DA:606,0
DA:607,0
DA:608,0
DA:609,0
DA:610,0
DA:611,0
DA:612,0
DA:613,0
DA:614,0
DA:615,0
DA:616,0
DA:617,0
DA:618,0
DA:619,0
DA:620,0
DA:621,0
DA:622,0
DA:623,0
DA:624,0
DA:625,0
DA:626,0
DA:627,0
DA:628,0
DA:629,0
DA:630,0
DA:631,0
DA:632,0
DA:633,0
DA:634,0
DA:635,0
DA:636,0
DA:637,0
DA:638,0
DA:639,0
DA:640,0
DA:641,0
DA:642,0
DA:643,0
DA:644,0
DA:645,0
DA:646,0
DA:647,0
DA:648,0
DA:649,0
DA:650,0
DA:651,0
DA:652,0
DA:653,0
DA:654,0
DA:655,0
DA:656,0
DA:657,0
DA:658,0
DA:659,0
DA:660,0
DA:661,0
DA:662,0
DA:663,0
DA:664,0
DA:665,0
DA:666,0
DA:667,0
DA:668,0
DA:669,0
DA:670,0
DA:671,0
DA:672,0
DA:673,0
DA:674,0
DA:675,0
DA:676,0
DA:677,0
DA:678,0
DA:679,0
DA:680,0
DA:681,0
DA:682,0
DA:683,0
DA:684,0
DA:685,0
DA:686,0
DA:687,0
DA:688,0
DA:689,0
DA:690,0
DA:691,0
DA:692,0
DA:693,0
DA:694,0
DA:695,0
DA:696,0
DA:697,0
DA:698,0
DA:699,0
DA:700,0
DA:701,0
DA:702,0
DA:703,0
DA:704,0
DA:705,0
DA:706,0
DA:707,0
DA:708,0
DA:709,0
DA:710,0
DA:711,0
DA:712,0
DA:713,0
DA:714,0
DA:715,0
DA:716,0
DA:717,0
DA:719,0
DA:720,0
DA:721,0
DA:722,0
DA:723,0
DA:724,0
DA:725,0
DA:726,0
DA:727,0
DA:728,0
DA:729,0
DA:730,0
DA:731,0
DA:732,0
DA:733,0
DA:734,0
DA:735,0
DA:736,0
DA:737,0
DA:738,0
DA:739,0
DA:740,0
DA:741,0
DA:742,0
DA:743,0
DA:744,0
DA:745,0
DA:746,0
DA:747,0
DA:748,0
DA:749,0
DA:750,0
DA:751,0
DA:752,0
DA:753,0
DA:754,0
DA:755,0
DA:756,0
DA:757,0
DA:758,0
DA:759,0
DA:760,0
DA:761,0
DA:762,0
DA:763,0
DA:764,0
DA:765,0
DA:766,0
DA:767,0
DA:768,0
DA:769,0
DA:770,0
DA:771,0
DA:772,0
DA:773,0
DA:774,0
DA:775,0
DA:776,0
DA:777,0
DA:778,0
DA:779,0
DA:780,0
DA:781,0
DA:782,0
DA:783,0
DA:784,0
DA:785,0
DA:786,0
DA:787,0
DA:788,0
DA:789,0
DA:790,0
DA:791,0
DA:792,0
DA:793,0
DA:794,0
DA:795,0
DA:796,0
DA:797,0
DA:798,0
DA:799,0
DA:800,0
DA:801,0
DA:802,0
DA:803,0
DA:804,0
DA:805,0
DA:806,0
DA:807,0
DA:808,0
DA:809,0
DA:810,0
DA:811,0
DA:812,0
DA:813,0
DA:814,0
DA:815,0
DA:816,0
DA:817,0
DA:818,0
DA:819,0
DA:820,0
DA:821,0
DA:822,0
DA:823,0
DA:824,0
DA:825,0
DA:826,0
DA:827,0
DA:828,0
DA:829,0
DA:830,0
DA:832,0
DA:833,0
DA:834,0
DA:835,0
DA:836,0
DA:837,0
DA:838,0
DA:839,0
DA:840,0
DA:841,0
DA:842,0
DA:843,0
DA:844,0
DA:845,0
DA:846,0
DA:847,0
DA:848,0
DA:849,0
DA:850,0
DA:851,0
DA:852,0
DA:853,0
DA:854,0
DA:855,0
DA:856,0
DA:857,0
DA:858,0
DA:859,0
DA:860,0
DA:861,0
DA:862,0
DA:863,0
DA:864,0
DA:865,0
DA:866,0
DA:867,0
DA:868,0
DA:869,0
DA:870,0
DA:871,0
DA:873,0
DA:874,0
DA:875,0
DA:876,0
DA:877,0
DA:878,0
DA:879,0
DA:880,0
DA:881,0
DA:882,0
DA:883,0
DA:884,0
DA:885,0
DA:886,0
DA:887,0
DA:888,0
DA:889,0
DA:890,0
DA:891,0
DA:892,0
DA:893,0
DA:894,0
DA:895,0
DA:896,0
DA:897,0
DA:898,0
DA:899,0
DA:900,0
DA:901,0
DA:902,0
DA:903,0
DA:904,0
DA:905,0
DA:906,0
DA:907,0
DA:908,0
DA:909,0
DA:910,0
DA:911,0
DA:912,0
DA:913,0
DA:914,0
DA:915,0
DA:916,0
DA:917,0
DA:918,0
DA:919,0
DA:920,0
DA:921,0
DA:922,0
DA:923,0
DA:924,0
DA:925,0
DA:926,0
DA:927,0
DA:928,0
DA:929,0
DA:930,0
DA:931,0
DA:932,0
DA:933,0
DA:934,0
DA:935,0
DA:936,0
DA:937,0
DA:938,0
DA:939,0
DA:940,0
DA:941,0
DA:942,0
DA:943,0
DA:944,0
DA:945,0
DA:946,0
DA:947,0
DA:948,0
DA:949,0
DA:950,0
DA:951,0
DA:952,0
DA:953,0
DA:954,0
DA:955,0
DA:956,0
DA:957,0
DA:958,0
DA:959,0
DA:960,0
DA:961,0
DA:962,0
DA:963,0
DA:964,0
DA:965,0
DA:966,0
DA:967,0
DA:968,0
DA:969,0
DA:970,0
DA:971,0
DA:972,0
DA:973,0
DA:974,0
DA:975,0
DA:976,0
DA:977,0
DA:978,0
DA:979,0
DA:980,0
DA:981,0
DA:982,0
DA:983,0
DA:984,0
DA:985,0
DA:986,0
DA:987,0
DA:988,0
DA:989,0
DA:990,0
DA:991,0
DA:992,0
DA:993,0
DA:994,0
DA:995,0
DA:996,0
DA:997,0
DA:998,0
DA:999,0
DA:1000,0
DA:1001,0
DA:1002,0
DA:1003,0
DA:1004,0
DA:1005,0
DA:1006,0
DA:1007,0
DA:1008,0
DA:1009,0
DA:1010,0
DA:1011,0
DA:1012,0
DA:1013,0
DA:1014,0
DA:1015,0
DA:1016,0
DA:1017,0
DA:1018,0
DA:1019,0
DA:1020,0
DA:1021,0
DA:1022,0
DA:1023,0
DA:1024,0
DA:1025,0
DA:1026,0
DA:1027,0
DA:1028,0
DA:1029,0
DA:1030,0
DA:1031,0
DA:1032,0
DA:1033,0
DA:1034,0
DA:1035,0
DA:1036,0
DA:1037,0
DA:1038,0
DA:1039,0
DA:1040,0
DA:1041,0
DA:1042,0
DA:1043,0
DA:1044,0
DA:1045,0
DA:1046,0
DA:1047,0
DA:1048,0
DA:1049,0
DA:1050,0
DA:1051,0
DA:1052,0
DA:1053,0
DA:1054,0
DA:1055,0
DA:1056,0
DA:1057,0
DA:1058,0
DA:1059,0
DA:1060,0
DA:1061,0
DA:1062,0
DA:1063,0
DA:1064,0
DA:1065,0
DA:1066,0
DA:1067,0
DA:1068,0
DA:1069,0
DA:1070,0
DA:1071,0
DA:1072,0
DA:1073,0
DA:1074,0
DA:1075,0
DA:1076,0
DA:1077,0
DA:1078,0
DA:1079,0
DA:1080,0
DA:1081,0
DA:1082,0
DA:1083,0
DA:1084,0
DA:1085,0
DA:1086,0
DA:1088,0
DA:1089,0
DA:1090,0
DA:1091,0
DA:1092,0
DA:1093,0
DA:1095,0
DA:1096,0
DA:1097,0
DA:1098,0
DA:1099,0
DA:1100,0
DA:1102,0
DA:1103,0
DA:1104,0
DA:1105,0
DA:1107,0
DA:1108,0
DA:1109,0
DA:1110,0
DA:1111,0
DA:1112,0
DA:1113,0
DA:1114,0
DA:1115,0
DA:1116,0
DA:1118,0
DA:1119,0
DA:1120,0
DA:1121,0
DA:1122,0
DA:1123,0
DA:1124,0
DA:1125,0
DA:1126,0
DA:1127,0
DA:1129,173
DA:1130,29
DA:1131,0
DA:1132,0
DA:1133,0
DA:1134,0
DA:1135,0
DA:1136,0
DA:1137,0
DA:1138,0
DA:1139,0
DA:1140,0
DA:1141,4
DA:1142,2
LF:1143
LH:7
end_of_record
TN:
SF:packages\email\index.ts
FNF:1
FNH:1
DA:1,39
DA:2,39
DA:3,39
LF:4
LH:3
end_of_record
TN:
SF:packages\email\pusher.test.ts
FNF:10
FNH:9
DA:1,87
DA:2,61
DA:4,40
DA:5,45
DA:6,44
DA:8,36
DA:10,38
DA:11,18
DA:12,57
DA:13,3
DA:15,38
DA:16,53
DA:17,69
DA:18,8
DA:19,3
DA:20,7
DA:21,7
DA:22,32
DA:23,34
DA:24,1
DA:25,3
DA:29,63
DA:30,68
DA:31,68
DA:32,56
DA:33,38
DA:34,28
DA:35,64
DA:36,21
DA:37,3
DA:38,42
DA:39,1
DA:41,82
DA:42,3
DA:44,62
DA:45,54
DA:47,48
DA:48,62
DA:49,62
DA:51,32
DA:52,3
DA:54,49
DA:55,136
DA:56,0
DA:57,0
DA:58,0
DA:59,0
DA:60,0
DA:61,0
DA:62,0
DA:63,0
DA:64,0
DA:65,0
DA:66,0
DA:67,0
DA:68,0
DA:69,0
DA:70,0
DA:71,0
DA:72,0
DA:73,0
DA:74,0
DA:75,0
DA:76,0
DA:77,2
DA:79,18
DA:80,3
DA:81,2
LF:82
LH:47
end_of_record
TN:
SF:packages\email\pusher.ts
FNF:5
FNH:5
DA:2,122
DA:4,79
DA:7,13
DA:8,60
DA:9,172
DA:10,4
DA:12,28
DA:13,145
DA:15,2
DA:17,45
DA:18,18
DA:19,23
DA:20,4
DA:21,126
DA:22,64
LF:24
LH:15
end_of_record
TN:
SF:packages\email\sender.test.ts
FNF:10
FNH:10
DA:1,93
DA:2,61
DA:3,20
DA:4,45
DA:5,40
DA:6,58
DA:7,53
DA:9,36
DA:10,35
DA:12,73
DA:13,52
DA:14,32
DA:16,43
DA:18,33
DA:19,18
DA:20,19
DA:21,57
DA:22,3
DA:24,36
DA:25,74
DA:26,44
DA:27,17
DA:28,24
DA:29,20
DA:30,19
DA:31,4
DA:33,63
DA:34,73
DA:36,58
DA:37,50
DA:38,32
DA:39,50
DA:41,53
DA:42,49
DA:44,34
DA:45,18
DA:46,34
DA:47,31
DA:48,228
DA:49,4
DA:50,52
DA:51,25
DA:52,49
DA:53,54
DA:55,58
DA:56,40
DA:58,28
DA:59,69
DA:60,69
DA:61,81
DA:62,3
DA:63,3
DA:65,53
DA:66,69
DA:67,44
DA:68,17
DA:69,24
DA:70,20
DA:71,19
DA:72,4
DA:74,34
DA:75,32
DA:76,34
DA:77,31
DA:78,106
DA:79,4
DA:80,35
DA:82,58
DA:83,40
DA:85,28
DA:86,69
DA:87,69
DA:88,81
DA:89,3
DA:90,2
LF:91
LH:75
end_of_record
TN:
SF:packages\email\sender.ts
FNF:13
FNH:13
DA:7,122
DA:8,72
DA:10,80
DA:11,107
DA:15,1
DA:17,13
DA:18,60
DA:19,96
DA:20,171
DA:21,4
DA:23,33
DA:24,18
DA:25,99
DA:26,148
DA:27,46
DA:28,56
DA:29,37
DA:30,131
DA:31,88
DA:32,64
DA:33,5
DA:35,44
DA:39,22
DA:40,100
DA:41,86
DA:42,96
DA:43,36
DA:44,50
DA:45,14
DA:46,15
DA:49,21
DA:50,100
DA:51,86
DA:52,70
DA:53,62
DA:54,9
DA:66,2
DA:68,45
DA:69,18
DA:70,22
DA:71,25
DA:72,4
DA:73,136
DA:74,124
DA:75,90
LF:77
LH:45
end_of_record
TN:
SF:packages\email\test\container.ts
FNF:6
FNH:6
DA:1,52
DA:3,78
DA:5,28
DA:6,29
DA:9,61
DA:10,18
DA:11,51
DA:12,30
DA:13,45
DA:14,2
DA:15,17
DA:16,29
DA:17,28
DA:18,2
DA:20,27
DA:21,76
LF:22
LH:16
end_of_record
TN:
SF:packages\persistence\kv\mongodb\client.test.ts
FNF:32
FNH:31
DA:1,87
DA:9,48
DA:10,77
DA:11,75
DA:13,36
DA:15,16
DA:16,40
DA:17,3
DA:19,29
DA:20,47
DA:21,65
DA:22,22
DA:23,4
DA:25,36
DA:26,49
DA:28,36
DA:29,52
DA:31,46
DA:32,3
DA:34,61
DA:35,65
DA:36,22
DA:37,4
DA:39,61
DA:40,66
DA:41,67
DA:42,15
DA:43,50
DA:44,39
DA:45,3
DA:47,53
DA:48,65
DA:49,22
DA:50,4
DA:52,63
DA:53,70
DA:54,3
DA:56,44
DA:57,65
DA:58,22
DA:59,4
DA:61,36
DA:62,45
DA:64,25
DA:65,41
DA:66,45
DA:67,46
DA:68,46
DA:69,46
DA:70,46
DA:71,46
DA:73,25
DA:74,41
DA:76,52
DA:77,68
DA:79,52
DA:80,46
DA:81,47
DA:82,47
DA:83,47
DA:84,47
DA:85,49
DA:86,3
DA:88,44
DA:89,65
DA:90,22
DA:91,4
DA:93,36
DA:94,45
DA:95,29
DA:96,46
DA:98,25
DA:99,41
DA:100,25
DA:101,42
DA:103,31
DA:104,32
DA:105,32
DA:106,32
DA:107,32
DA:108,32
DA:109,44
DA:110,45
DA:111,45
DA:112,45
DA:113,45
DA:114,45
DA:115,28
DA:116,29
DA:117,29
DA:118,29
DA:119,29
DA:120,29
DA:121,45
DA:122,46
DA:123,46
DA:124,46
DA:125,46
DA:126,46
DA:128,25
DA:129,41
DA:130,25
DA:131,25
DA:132,25
DA:133,25
DA:134,25
DA:135,25
DA:136,44
DA:137,3
DA:139,47
DA:140,65
DA:141,22
DA:142,4
DA:144,28
DA:145,21
DA:146,21
DA:147,21
DA:148,21
DA:149,21
DA:150,18
DA:151,4
DA:153,10
DA:154,68
DA:155,55
DA:156,45
DA:157,38
DA:158,21
DA:160,43
DA:161,23
DA:162,55
DA:163,3
DA:165,47
DA:166,65
DA:167,22
DA:168,4
DA:170,27
DA:171,11
DA:172,42
DA:174,27
DA:175,57
DA:176,19
DA:177,5
DA:178,3
DA:180,50
DA:181,65
DA:182,22
DA:183,4
DA:185,27
DA:186,11
DA:187,42
DA:188,37
DA:190,27
DA:191,64
DA:192,30
DA:193,68
DA:194,3
DA:196,11
DA:197,69
DA:198,0
DA:199,0
DA:200,0
DA:201,0
DA:202,0
DA:203,0
DA:204,0
DA:205,0
DA:206,0
DA:207,0
DA:208,0
DA:209,0
DA:210,0
DA:211,0
DA:212,0
DA:213,0
DA:214,0
DA:216,3
DA:217,2
LF:218
LH:160
end_of_record
TN:
SF:packages\persistence\kv\mongodb\client.ts
FNF:30
FNH:29
DA:9,106
DA:10,52
DA:11,6
DA:12,160
DA:13,86
DA:14,74
DA:15,5
DA:31,13
DA:32,66
DA:46,90
DA:47,84
DA:48,4
DA:52,33
DA:53,54
DA:55,28
DA:56,80
DA:58,112
DA:59,60
DA:60,8
DA:61,80
DA:63,101
DA:65,21
DA:66,27
DA:69,33
DA:70,54
DA:71,66
DA:73,100
DA:74,66
DA:75,42
DA:76,32
DA:77,6
DA:79,79
DA:80,50
DA:83,22
DA:84,54
DA:86,116
DA:87,60
DA:88,8
DA:89,79
DA:90,50
DA:93,19
DA:94,54
DA:96,20
DA:97,144
DA:98,15
DA:104,39
DA:105,82
DA:106,58
DA:108,28
DA:109,80
DA:111,80
DA:112,24
DA:113,67
DA:114,64
DA:115,13
DA:116,6
DA:117,20
DA:118,33
DA:119,38
DA:120,110
DA:121,1
DA:122,6
DA:124,58
DA:125,86
DA:127,27
DA:128,30
DA:129,92
DA:131,107
DA:134,33
DA:135,78
DA:136,74
DA:138,106
DA:140,18
DA:141,34
DA:142,90
DA:143,96
DA:144,85
DA:145,48
DA:146,104
DA:147,80
DA:148,44
DA:149,18
DA:150,5
DA:151,18
DA:152,6
DA:154,36
DA:155,5
DA:156,33
DA:157,30
DA:161,28
DA:162,70
DA:163,58
DA:165,106
DA:167,18
DA:168,34
DA:169,90
DA:170,120
DA:171,128
DA:172,20
DA:173,6
DA:175,36
DA:176,5
DA:177,33
DA:178,0
DA:179,0
DA:180,0
DA:181,0
DA:182,0
DA:183,63
DA:186,25
DA:187,64
DA:188,25
DA:189,20
DA:190,51
DA:192,90
DA:196,28
DA:197,130
DA:200,33
DA:201,116
DA:204,16
DA:205,20
DA:206,4
DA:207,83
DA:208,58
DA:209,76
DA:210,8
DA:212,2
LF:213
LH:122
end_of_record
TN:
SF:packages\persistence\kv\redis\client.test.ts
FNF:43
FNH:43
DA:1,116
DA:10,61
DA:11,48
DA:12,77
DA:13,75
DA:15,36
DA:16,52
DA:18,16
DA:19,32
DA:20,3
DA:22,29
DA:24,29
DA:25,47
DA:26,41
DA:28,36
DA:29,49
DA:31,36
DA:32,52
DA:34,46
DA:35,3
DA:37,61
DA:38,41
DA:40,61
DA:41,66
DA:42,67
DA:43,15
DA:44,50
DA:45,39
DA:46,3
DA:48,53
DA:49,41
DA:51,63
DA:52,70
DA:53,3
DA:55,44
DA:56,41
DA:58,36
DA:59,45
DA:61,25
DA:62,41
DA:63,45
DA:64,46
DA:65,46
DA:66,46
DA:67,46
DA:68,46
DA:70,25
DA:71,41
DA:73,52
DA:74,68
DA:76,52
DA:77,46
DA:78,47
DA:79,47
DA:80,47
DA:81,47
DA:82,49
DA:83,3
DA:85,44
DA:86,41
DA:88,36
DA:89,45
DA:90,29
DA:91,46
DA:93,25
DA:94,41
DA:95,25
DA:96,42
DA:98,31
DA:99,32
DA:100,32
DA:101,32
DA:102,32
DA:103,32
DA:104,44
DA:105,45
DA:106,45
DA:107,45
DA:108,45
DA:109,45
DA:110,28
DA:111,29
DA:112,29
DA:113,29
DA:114,29
DA:115,29
DA:116,45
DA:117,46
DA:118,46
DA:119,46
DA:120,46
DA:121,46
DA:123,25
DA:124,41
DA:125,25
DA:126,25
DA:127,25
DA:128,25
DA:129,25
DA:130,25
DA:131,44
DA:132,3
DA:134,47
DA:135,41
DA:137,28
DA:138,21
DA:139,21
DA:140,21
DA:141,21
DA:142,21
DA:143,18
DA:144,4
DA:146,10
DA:147,68
DA:148,55
DA:149,45
DA:150,38
DA:151,21
DA:153,43
DA:154,23
DA:155,55
DA:156,3
DA:158,47
DA:159,41
DA:161,27
DA:162,11
DA:163,42
DA:165,27
DA:166,57
DA:167,19
DA:168,5
DA:169,3
DA:171,50
DA:172,41
DA:174,27
DA:175,11
DA:176,42
DA:177,37
DA:179,27
DA:180,64
DA:181,30
DA:182,68
DA:183,3
DA:185,50
DA:186,41
DA:188,27
DA:189,11
DA:190,42
DA:191,37
DA:193,27
DA:194,81
DA:195,31
DA:196,12
DA:197,28
DA:198,4
DA:199,30
DA:200,69
DA:201,3
DA:203,48
DA:204,21
DA:205,249
DA:206,26
DA:207,47
DA:208,57
DA:210,24
DA:211,38
DA:212,44
DA:213,38
DA:214,38
DA:215,40
DA:216,37
DA:217,3
DA:219,25
DA:220,70
DA:222,50
DA:223,63
DA:225,47
DA:226,59
DA:228,25
DA:229,60
DA:231,51
DA:232,63
DA:234,23
DA:235,15
DA:236,15
DA:237,15
DA:238,15
DA:239,15
DA:240,12
DA:241,3
DA:242,27
DA:243,47
DA:244,41
DA:245,3
DA:247,62
DA:248,62
DA:249,8
DA:250,8
DA:251,8
DA:252,11
DA:253,11
DA:254,8
DA:255,8
DA:256,5
DA:257,4
DA:258,49
DA:259,32
DA:260,3
DA:262,41
DA:263,53
DA:264,18
DA:265,18
DA:266,15
DA:267,4
DA:269,29
DA:270,62
DA:271,12
DA:272,11
DA:273,11
DA:274,12
DA:275,12
DA:276,12
DA:277,12
DA:278,8
DA:279,4
DA:280,58
DA:281,43
DA:282,34
DA:283,5
DA:284,3
DA:285,2
LF:286
LH:231
end_of_record
TN:
SF:packages\persistence\kv\redis\client.ts
FNF:33
FNH:29
DA:1,122
DA:2,78
DA:5,160
DA:6,86
DA:7,74
DA:8,6
DA:16,1
DA:18,13
DA:19,66
DA:20,18
DA:21,4
DA:22,156
DA:23,98
DA:26,0
DA:27,43
DA:32,33
DA:33,54
DA:35,78
DA:36,82
DA:37,54
DA:38,6
DA:39,98
DA:41,101
DA:44,33
DA:45,54
DA:46,66
DA:48,74
DA:49,58
DA:50,64
DA:51,15
DA:54,22
DA:55,54
DA:57,143
DA:60,19
DA:61,54
DA:63,151
DA:68,39
DA:69,82
DA:70,58
DA:72,82
DA:73,82
DA:74,90
DA:75,6
DA:76,53
DA:77,63
DA:78,114
DA:79,15
DA:82,33
DA:83,74
DA:85,76
DA:86,25
DA:87,36
DA:88,14
DA:89,68
DA:90,72
DA:91,1
DA:92,2
DA:93,15
DA:96,28
DA:97,58
DA:99,74
DA:100,90
DA:101,15
DA:104,25
DA:105,73
DA:106,58
DA:110,44
DA:111,130
DA:112,120
DA:115,22
DA:116,144
DA:117,81
DA:120,25
DA:121,64
DA:122,25
DA:123,20
DA:124,51
DA:126,90
DA:130,28
DA:131,130
DA:134,33
DA:135,116
DA:138,16
DA:139,20
DA:140,4
DA:141,83
DA:142,58
DA:143,76
DA:144,8
DA:146,2
DA:151,92
DA:152,11
DA:154,0
DA:155,0
DA:156,0
DA:157,0
DA:158,0
DA:159,0
DA:160,0
DA:161,0
DA:162,0
DA:163,0
DA:164,0
DA:165,0
DA:166,0
DA:167,0
DA:168,0
DA:169,0
DA:170,0
DA:171,0
DA:172,0
DA:173,8
DA:175,1
LF:176
LH:93
end_of_record
TN:
SF:packages\persistence\lazy-load.test.ts
FNF:73
FNH:73
DA:1,104
DA:11,50
DA:13,48
DA:15,36
DA:16,36
DA:18,35
DA:19,33
DA:20,29
DA:22,16
DA:23,40
DA:24,3
DA:26,41
DA:27,18
DA:28,19
DA:29,36
DA:30,3
DA:32,57
DA:33,54
DA:34,70
DA:36,50
DA:37,49
DA:38,49
DA:40,65
DA:41,23
DA:42,26
DA:43,23
DA:44,4
DA:46,64
DA:47,71
DA:49,45
DA:50,49
DA:51,3
DA:53,49
DA:54,70
DA:56,51
DA:57,49
DA:58,49
DA:60,66
DA:61,24
DA:62,25
DA:63,23
DA:64,4
DA:66,65
DA:67,65
DA:68,65
DA:69,71
DA:71,45
DA:72,49
DA:73,3
DA:75,64
DA:76,70
DA:78,64
DA:79,49
DA:80,49
DA:81,49
DA:83,79
DA:84,24
DA:85,25
DA:86,23
DA:87,4
DA:89,45
DA:90,45
DA:92,78
DA:93,65
DA:94,78
DA:95,71
DA:97,27
DA:98,50
DA:99,27
DA:100,10
DA:101,3
DA:102,49
DA:103,3
DA:105,68
DA:106,70
DA:108,49
DA:109,49
DA:110,49
DA:112,80
DA:113,24
DA:114,26
DA:115,17
DA:116,4
DA:118,79
DA:119,65
DA:120,79
DA:121,65
DA:123,45
DA:124,45
DA:125,49
DA:126,4
DA:127,3
DA:129,57
DA:130,54
DA:131,70
DA:133,50
DA:134,49
DA:135,49
DA:137,65
DA:138,23
DA:139,23
DA:140,4
DA:142,64
DA:143,65
DA:145,45
DA:146,49
DA:147,3
DA:149,49
DA:150,70
DA:152,51
DA:153,49
DA:154,49
DA:156,66
DA:157,24
DA:158,22
DA:159,4
DA:161,65
DA:162,66
DA:163,65
DA:164,65
DA:166,45
DA:167,49
DA:168,3
DA:170,64
DA:171,70
DA:173,64
DA:174,49
DA:175,49
DA:176,49
DA:177,49
DA:179,79
DA:180,24
DA:181,22
DA:182,4
DA:184,78
DA:185,66
DA:186,78
DA:187,65
DA:189,45
DA:190,45
DA:192,27
DA:193,78
DA:194,71
DA:196,50
DA:197,27
DA:198,10
DA:199,3
DA:200,45
DA:201,49
DA:202,3
DA:204,68
DA:205,70
DA:207,49
DA:208,49
DA:209,49
DA:211,80
DA:212,24
DA:213,23
DA:214,4
DA:216,79
DA:217,66
DA:218,79
DA:219,66
DA:221,45
DA:222,45
DA:223,49
DA:224,4
DA:225,3
DA:227,57
DA:228,61
DA:229,70
DA:231,49
DA:232,49
DA:234,51
DA:235,51
DA:236,50
DA:238,51
DA:239,73
DA:240,43
DA:242,51
DA:243,73
DA:244,47
DA:245,4
DA:246,3
DA:248,60
DA:249,67
DA:250,70
DA:252,55
DA:253,55
DA:255,50
DA:256,54
DA:257,54
DA:259,41
DA:261,64
DA:262,64
DA:264,55
DA:265,55
DA:267,48
DA:268,52
DA:269,4
DA:270,3
DA:272,61
DA:273,54
DA:274,70
DA:276,30
DA:277,8
DA:278,48
DA:279,35
DA:280,53
DA:281,53
DA:283,68
DA:284,25
DA:285,23
DA:286,26
DA:287,17
DA:288,2
DA:289,3
DA:291,72
DA:292,77
DA:294,45
DA:295,49
DA:296,3
DA:298,49
DA:299,70
DA:301,30
DA:302,8
DA:303,48
DA:304,35
DA:305,53
DA:306,53
DA:308,68
DA:309,25
DA:310,24
DA:311,25
DA:312,17
DA:313,2
DA:314,3
DA:316,72
DA:317,55
DA:318,29
DA:319,3
DA:320,72
DA:321,77
DA:323,45
DA:324,49
DA:325,3
DA:327,64
DA:328,70
DA:330,37
DA:331,8
DA:332,48
DA:333,38
DA:334,8
DA:335,49
DA:336,55
DA:338,43
DA:339,44
DA:340,53
DA:341,53
DA:342,53
DA:344,68
DA:345,28
DA:346,42
DA:347,45
DA:348,17
DA:349,2
DA:350,3
DA:352,45
DA:353,45
DA:355,72
DA:356,55
DA:357,54
DA:358,3
DA:360,50
DA:361,28
DA:362,3
DA:363,55
DA:364,28
DA:365,3
DA:367,28
DA:368,45
DA:369,60
DA:370,3
DA:372,72
DA:373,70
DA:375,36
DA:376,8
DA:377,48
DA:378,37
DA:379,8
DA:380,49
DA:381,39
DA:382,8
DA:383,50
DA:384,75
DA:385,62
DA:387,43
DA:388,44
DA:389,53
DA:390,53
DA:391,53
DA:393,68
DA:394,28
DA:395,42
DA:396,12
DA:397,28
DA:398,55
DA:399,17
DA:400,2
DA:401,3
DA:403,45
DA:404,45
DA:406,72
DA:407,55
DA:408,54
DA:409,3
DA:411,76
DA:412,55
DA:413,23
DA:414,3
DA:416,28
DA:417,45
DA:418,60
DA:419,3
DA:421,68
DA:422,70
DA:424,30
DA:425,8
DA:426,47
DA:427,53
DA:428,53
DA:429,53
DA:431,68
DA:432,26
DA:433,24
DA:434,26
DA:435,17
DA:436,2
DA:437,3
DA:439,72
DA:440,55
DA:441,29
DA:442,3
DA:443,72
DA:444,55
DA:445,29
DA:446,3
DA:448,45
DA:449,45
DA:450,49
DA:451,4
DA:452,3
DA:453,2
LF:454
LH:353
end_of_record
TN:
SF:packages\persistence\lazy-load.ts
FNF:18
FNH:18
DA:6,1
DA:8,49
DA:9,48
DA:10,67
DA:13,19
DA:14,102
DA:15,56
DA:16,140
DA:18,110
DA:19,63
DA:22,84
DA:23,147
DA:24,3
DA:26,135
DA:29,33
DA:30,80
DA:31,68
DA:32,66
DA:33,17
DA:36,19
DA:37,102
DA:38,140
DA:40,110
DA:41,44
DA:44,144
DA:46,125
DA:49,22
DA:50,80
DA:51,64
DA:52,54
DA:53,17
DA:56,25
DA:57,50
DA:58,109
DA:59,24
DA:60,38
DA:61,61
DA:62,58
DA:63,46
DA:64,52
DA:65,36
DA:66,6
DA:68,51
DA:69,64
DA:70,82
DA:71,3
DA:73,72
DA:74,2
DA:75,1
DA:76,6
DA:78,142
DA:80,10
DA:81,134
DA:82,56
DA:83,75
DA:84,86
DA:85,92
DA:86,100
DA:88,69
DA:89,80
DA:90,86
DA:91,120
DA:92,13
DA:93,3
DA:95,64
DA:98,84
DA:99,4
DA:101,86
DA:104,15
DA:105,49
DA:108,17
DA:109,52
DA:111,1
LF:112
LH:73
end_of_record
TN:
SF:packages\persistence\test\container.ts
FNF:10
FNH:10
DA:1,78
DA:2,38
DA:3,37
DA:4,47
DA:5,45
DA:7,25
DA:8,29
DA:13,52
DA:14,18
DA:15,19
DA:16,67
DA:18,60
DA:19,64
DA:21,58
DA:22,19
DA:23,4
DA:24,2
DA:25,17
DA:26,28
DA:27,2
DA:29,25
DA:30,29
DA:33,50
DA:34,18
DA:35,31
DA:36,30
DA:38,37
DA:39,2
DA:40,17
DA:41,31
DA:42,33
DA:43,1
LF:44
LH:32
end_of_record
TN:
SF:packages\serializer\index.ts
FNF:1
FNH:1
DA:2,53
LF:3
LH:1
end_of_record
TN:
SF:packages\serializer\msgpackr.test.ts
FNF:5
FNH:5
DA:1,68
DA:2,54
DA:3,73
DA:5,52
DA:6,43
DA:7,67
DA:9,57
DA:10,37
DA:11,49
DA:12,51
DA:13,33
DA:14,44
DA:15,3
DA:17,55
DA:18,32
DA:19,32
DA:21,25
DA:22,17
DA:23,22
DA:24,10
DA:25,19
DA:26,33
DA:27,30
DA:28,8
DA:29,62
DA:30,29
DA:31,17
DA:32,27
DA:33,32
DA:34,18
DA:35,3
DA:36,41
DA:37,3
DA:39,56
DA:40,43
DA:41,3
DA:42,2
LF:43
LH:37
end_of_record
TN:
SF:packages\serializer\msgpackr.ts
FNF:3
FNH:2
DA:1,65
DA:4,88
DA:5,81
DA:7,29
DA:8,49
DA:11,31
DA:12,52
DA:14,1
LF:15
LH:8
end_of_record
TN:
SF:packages\spawn\container.ts
FNF:29
FNH:29
DA:1,134
DA:2,76
DA:3,84
DA:5,64
DA:6,14
DA:7,101
DA:8,5
DA:9,18
DA:10,36
DA:11,80
DA:12,17
DA:13,6
DA:15,52
DA:18,61
DA:19,78
DA:20,66
DA:29,80
DA:30,14
DA:31,36
DA:32,33
DA:34,13
DA:35,92
DA:36,204
DA:37,4
DA:38,74
DA:41,21
DA:42,60
DA:43,35
DA:46,20
DA:47,58
DA:48,35
DA:51,21
DA:52,46
DA:53,109
DA:54,94
DA:55,98
DA:56,3
DA:58,22
DA:59,115
DA:60,5
DA:61,35
DA:62,32
DA:64,6
DA:66,44
DA:67,104
DA:68,58
DA:69,6
DA:70,74
DA:71,6
DA:73,46
DA:76,44
DA:77,23
DA:78,70
DA:79,156
DA:80,105
DA:81,140
DA:82,62
DA:83,11
DA:86,30
DA:87,29
DA:88,120
DA:90,73
DA:91,30
DA:92,22
DA:93,3
DA:95,150
DA:96,57
DA:98,2
DA:100,101
DA:101,109
DA:102,70
DA:103,82
DA:104,153
DA:105,24
DA:106,122
DA:108,6
DA:109,50
DA:110,87
DA:113,78
DA:114,70
DA:115,82
DA:116,101
DA:117,24
DA:118,138
DA:120,6
DA:121,50
DA:123,87
DA:126,88
DA:127,70
DA:128,82
DA:129,105
DA:130,24
DA:131,122
DA:133,6
DA:134,50
DA:136,87
DA:139,92
DA:140,70
DA:141,82
DA:142,147
DA:143,24
DA:144,126
DA:146,6
DA:147,50
DA:148,87
LF:151
LH:105
end_of_record
TN:
SF:packages\spawn\process.test.ts
FNF:16
FNH:15
DA:1,68
DA:2,57
DA:4,33
DA:6,35
DA:7,48
DA:8,9
DA:9,41
DA:10,63
DA:11,12
DA:12,19
DA:14,3
DA:15,56
DA:16,5
DA:17,43
DA:18,44
DA:19,7
DA:20,80
DA:22,3
DA:24,53
DA:25,9
DA:26,0
DA:28,3
DA:29,56
DA:30,5
DA:31,42
DA:32,43
DA:33,7
DA:34,64
DA:36,3
DA:38,67
DA:39,32
DA:40,22
DA:41,44
DA:42,52
DA:43,7
DA:44,22
DA:46,9
DA:47,41
DA:48,63
DA:49,13
DA:50,52
DA:51,54
DA:53,55
DA:55,3
DA:56,44
DA:57,0
DA:58,0
DA:59,3
DA:61,3
DA:63,75
DA:64,32
DA:65,22
DA:66,44
DA:67,52
DA:68,10
DA:69,14
DA:70,22
DA:72,9
DA:73,41
DA:74,63
DA:75,13
DA:76,52
DA:77,54
DA:79,53
DA:81,3
DA:82,33
DA:83,5
DA:84,43
DA:85,44
DA:86,7
DA:87,73
DA:89,3
DA:91,50
DA:92,32
DA:93,22
DA:94,44
DA:95,52
DA:96,7
DA:97,22
DA:99,9
DA:100,41
DA:101,63
DA:102,13
DA:103,52
DA:104,54
DA:106,55
DA:108,3
DA:109,41
DA:110,48
DA:111,68
DA:112,0
DA:113,0
DA:114,3
DA:116,3
DA:117,2
LF:118
LH:90
end_of_record
TN:
SF:packages\spawn\process.ts
FNF:9
FNH:8
DA:3,80
DA:4,13
DA:5,60
DA:6,84
DA:7,72
DA:8,4
DA:9,18
DA:10,204
DA:11,6
DA:13,1
DA:22,25
DA:23,10
DA:24,24
DA:25,12
DA:26,4
DA:27,82
DA:28,71
DA:29,60
DA:30,65
DA:32,66
DA:33,52
DA:34,42
DA:35,48
DA:36,16
DA:37,8
DA:39,44
DA:40,59
DA:42,113
DA:44,110
DA:46,63
DA:47,135
DA:48,6
DA:50,67
DA:51,60
DA:53,53
DA:54,20
DA:55,52
DA:56,3
DA:58,44
DA:59,26
DA:60,59
DA:61,4
DA:63,24
DA:64,14
DA:65,33
DA:69,76
DA:71,133
DA:72,62
DA:73,67
DA:74,3
DA:76,61
DA:77,4
DA:78,0
DA:79,21
DA:80,17
DA:83,76
DA:84,79
DA:85,6
LF:87
LH:57
end_of_record
TN:
SF:packages\weather\error.ts
FNF:2
FNH:0
DA:1,68
DA:2,75
DA:4,0
DA:5,0
DA:6,0
DA:7,0
DA:8,0
DA:9,0
DA:10,3
DA:12,2
DA:14,101
LF:15
LH:5
end_of_record
TN:
SF:packages\weather\guard\artifact\openmeteo.ts
FNF:28
FNH:10
DA:1,42
DA:3,2412
DA:4,36
DA:5,35
DA:6,27
DA:7,17
DA:8,28
DA:9,13
DA:11,25
DA:12,0
DA:13,0
DA:14,0
DA:15,0
DA:16,0
DA:17,0
DA:18,0
DA:19,0
DA:20,0
DA:21,0
DA:22,0
DA:23,0
DA:24,0
DA:25,0
DA:26,0
DA:27,0
DA:28,0
DA:29,0
DA:30,0
DA:31,0
DA:32,0
DA:33,0
DA:34,0
DA:35,0
DA:36,0
DA:37,0
DA:38,0
DA:39,0
DA:40,0
DA:41,0
DA:42,0
DA:43,0
DA:44,0
DA:45,0
DA:46,0
DA:47,0
DA:48,0
DA:49,0
DA:50,0
DA:51,0
DA:52,0
DA:53,0
DA:54,0
DA:55,0
DA:56,0
DA:57,0
DA:58,0
DA:59,0
DA:60,0
DA:61,0
DA:62,0
DA:63,0
DA:64,0
DA:65,0
DA:66,0
DA:67,0
DA:68,0
DA:69,0
DA:70,0
DA:71,0
DA:72,0
DA:73,0
DA:74,0
DA:75,0
DA:76,0
DA:77,0
DA:78,0
DA:79,0
DA:80,0
DA:81,0
DA:82,0
DA:83,0
DA:84,0
DA:85,0
DA:86,0
DA:87,0
DA:88,0
DA:89,0
DA:90,0
DA:91,0
DA:92,0
DA:93,0
DA:94,0
DA:95,0
DA:96,0
DA:97,0
DA:98,0
DA:99,0
DA:100,0
DA:101,0
DA:102,0
DA:103,0
DA:104,0
DA:105,0
DA:106,0
DA:107,0
DA:108,0
DA:109,0
DA:110,0
DA:111,0
DA:112,0
DA:113,0
DA:114,0
DA:115,0
DA:116,0
DA:117,0
DA:118,0
DA:119,0
DA:120,0
DA:121,0
DA:122,0
DA:123,0
DA:124,0
DA:125,0
DA:126,0
DA:127,0
DA:128,0
DA:129,0
DA:130,0
DA:131,0
DA:132,0
DA:133,0
DA:134,0
DA:135,0
DA:136,0
DA:137,0
DA:138,0
DA:139,0
DA:140,0
DA:141,0
DA:142,0
DA:143,0
DA:144,0
DA:145,0
DA:146,0
DA:147,0
DA:148,0
DA:149,0
DA:150,0
DA:151,0
DA:152,0
DA:153,0
DA:154,0
DA:155,0
DA:156,0
DA:157,0
DA:158,0
DA:159,0
DA:160,0
DA:161,0
DA:162,0
DA:163,0
DA:164,0
DA:165,0
DA:166,0
DA:167,0
DA:168,0
DA:169,0
DA:170,0
DA:171,0
DA:172,0
DA:173,0
DA:174,0
DA:175,0
DA:176,0
DA:177,0
DA:178,0
DA:179,0
DA:180,0
DA:181,0
DA:182,0
DA:183,0
DA:184,0
DA:185,0
DA:186,0
DA:187,0
DA:188,0
DA:189,0
DA:190,0
DA:191,0
DA:192,0
DA:193,0
DA:194,0
DA:195,0
DA:196,0
DA:197,0
DA:198,0
DA:199,0
DA:200,0
DA:201,0
DA:202,0
DA:203,0
DA:204,0
DA:205,0
DA:206,0
DA:207,0
DA:208,0
DA:209,0
DA:210,0
DA:211,0
DA:212,0
DA:213,0
DA:214,0
DA:215,0
DA:216,0
DA:217,0
DA:218,0
DA:219,0
DA:220,0
DA:221,0
DA:222,0
DA:223,0
DA:224,0
DA:225,0
DA:226,0
DA:227,0
DA:228,0
DA:229,0
DA:230,0
DA:231,0
DA:232,0
DA:233,0
DA:234,0
DA:235,0
DA:236,0
DA:237,0
DA:238,0
DA:239,0
DA:240,0
DA:241,0
DA:242,0
DA:243,0
DA:244,0
DA:245,0
DA:246,0
DA:247,0
DA:248,0
DA:249,0
DA:250,0
DA:251,0
DA:252,0
DA:253,0
DA:254,0
DA:255,0
DA:256,0
DA:257,0
DA:258,0
DA:259,0
DA:260,0
DA:261,0
DA:262,0
DA:263,0
DA:264,0
DA:265,0
DA:266,0
DA:267,0
DA:268,0
DA:269,0
DA:270,0
DA:271,0
DA:272,0
DA:273,0
DA:274,0
DA:275,0
DA:276,0
DA:277,0
DA:278,0
DA:279,0
DA:280,0
DA:281,0
DA:282,0
DA:283,0
DA:284,0
DA:285,0
DA:286,0
DA:287,0
DA:288,0
DA:289,0
DA:290,0
DA:291,0
DA:292,0
DA:293,0
DA:294,0
DA:295,0
DA:296,0
DA:297,0
DA:298,0
DA:299,0
DA:300,0
DA:301,0
DA:302,0
DA:303,0
DA:304,0
DA:305,0
DA:306,0
DA:307,0
DA:308,0
DA:309,0
DA:310,0
DA:311,0
DA:312,0
DA:313,0
DA:314,0
DA:315,0
DA:316,0
DA:317,0
DA:318,0
DA:319,0
DA:320,0
DA:321,0
DA:322,0
DA:323,0
DA:324,0
DA:325,0
DA:326,0
DA:327,0
DA:328,0
DA:329,0
DA:330,0
DA:331,0
DA:332,0
DA:333,0
DA:334,0
DA:335,0
DA:336,0
DA:337,0
DA:338,0
DA:339,0
DA:340,0
DA:341,0
DA:342,0
DA:343,0
DA:344,0
DA:345,0
DA:346,0
DA:347,0
DA:348,0
DA:349,0
DA:350,0
DA:351,0
DA:352,0
DA:353,0
DA:354,0
DA:355,0
DA:356,0
DA:357,0
DA:358,0
DA:359,0
DA:360,0
DA:361,0
DA:362,0
DA:363,0
DA:364,0
DA:365,0
DA:366,0
DA:367,0
DA:368,0
DA:369,0
DA:370,0
DA:371,0
DA:372,0
DA:373,0
DA:374,0
DA:375,0
DA:376,0
DA:377,0
DA:378,0
DA:379,0
DA:380,0
DA:381,0
DA:382,0
DA:383,0
DA:384,0
DA:385,0
DA:386,0
DA:387,0
DA:388,0
DA:389,0
DA:390,0
DA:391,0
DA:392,0
DA:393,0
DA:394,0
DA:395,0
DA:396,0
DA:397,0
DA:398,0
DA:399,0
DA:400,0
DA:401,0
DA:402,0
DA:403,0
DA:404,0
DA:405,0
DA:406,0
DA:407,0
DA:408,0
DA:409,0
DA:410,0
DA:411,0
DA:412,0
DA:413,0
DA:414,0
DA:415,0
DA:416,0
DA:417,0
DA:418,0
DA:419,0
DA:420,0
DA:421,0
DA:422,0
DA:423,0
DA:424,0
DA:425,0
DA:426,0
DA:427,0
DA:428,0
DA:429,0
DA:430,0
DA:431,0
DA:432,0
DA:433,0
DA:434,0
DA:435,0
DA:436,0
DA:437,0
DA:438,0
DA:439,0
DA:440,0
DA:441,0
DA:442,0
DA:443,0
DA:444,0
DA:445,0
DA:446,0
DA:447,0
DA:448,0
DA:449,0
DA:450,0
DA:451,0
DA:452,0
DA:453,0
DA:454,0
DA:455,0
DA:456,0
DA:457,0
DA:458,0
DA:459,0
DA:460,0
DA:461,0
DA:462,0
DA:463,0
DA:464,0
DA:465,0
DA:466,0
DA:467,0
DA:468,0
DA:469,0
DA:470,0
DA:471,0
DA:472,0
DA:473,0
DA:474,0
DA:475,0
DA:476,0
DA:477,0
DA:478,0
DA:479,0
DA:480,0
DA:481,0
DA:482,0
DA:483,0
DA:484,0
DA:485,0
DA:486,0
DA:487,0
DA:488,0
DA:489,0
DA:490,0
DA:491,0
DA:492,0
DA:493,0
DA:494,0
DA:495,0
DA:496,0
DA:497,0
DA:498,0
DA:499,0
DA:500,0
DA:501,0
DA:502,0
DA:503,0
DA:504,0
DA:505,0
DA:506,0
DA:507,0
DA:508,0
DA:509,0
DA:510,0
DA:511,0
DA:512,0
DA:513,0
DA:514,0
DA:515,0
DA:516,0
DA:517,0
DA:518,0
DA:519,0
DA:520,0
DA:521,0
DA:522,0
DA:523,0
DA:524,0
DA:525,0
DA:526,0
DA:527,0
DA:528,0
DA:529,0
DA:530,0
DA:531,0
DA:532,0
DA:533,0
DA:534,0
DA:535,0
DA:536,0
DA:537,0
DA:538,0
DA:539,0
DA:540,0
DA:541,0
DA:542,0
DA:543,0
DA:544,0
DA:545,0
DA:546,0
DA:547,0
DA:548,0
DA:549,0
DA:550,0
DA:551,0
DA:552,0
DA:553,0
DA:554,0
DA:555,0
DA:556,0
DA:557,0
DA:558,0
DA:559,0
DA:560,0
DA:561,0
DA:562,0
DA:563,0
DA:564,0
DA:565,0
DA:566,0
DA:567,0
DA:568,0
DA:569,0
DA:570,0
DA:571,0
DA:572,0
DA:573,0
DA:574,0
DA:575,0
DA:576,0
DA:577,0
DA:578,0
DA:579,0
DA:580,0
DA:581,0
DA:582,0
DA:583,0
DA:584,0
DA:585,0
DA:586,0
DA:587,0
DA:588,0
DA:589,0
DA:590,0
DA:591,0
DA:592,0
DA:593,0
DA:594,0
DA:595,0
DA:596,0
DA:597,0
DA:598,0
DA:599,0
DA:600,0
DA:601,0
DA:602,0
DA:603,0
DA:604,0
DA:605,0
DA:606,0
DA:607,0
DA:608,0
DA:609,0
DA:610,0
DA:611,0
DA:612,0
DA:613,0
DA:614,0
DA:615,0
DA:616,0
DA:617,0
DA:618,0
DA:619,0
DA:620,0
DA:621,0
DA:622,0
DA:623,0
DA:624,0
DA:625,0
DA:626,0
DA:627,0
DA:628,0
DA:629,0
DA:630,0
DA:631,0
DA:632,0
DA:633,0
DA:634,0
DA:635,0
DA:636,0
DA:637,0
DA:638,0
DA:639,0
DA:640,0
DA:641,0
DA:642,0
DA:643,0
DA:644,0
DA:645,0
DA:646,0
DA:647,0
DA:648,0
DA:649,0
DA:650,0
DA:651,0
DA:652,0
DA:653,0
DA:654,0
DA:655,0
DA:656,0
DA:657,0
DA:658,0
DA:659,0
DA:660,0
DA:661,0
DA:662,0
DA:663,0
DA:664,0
DA:665,0
DA:666,0
DA:667,0
DA:668,0
DA:669,0
DA:670,0
DA:671,0
DA:672,0
DA:673,0
DA:674,0
DA:675,0
DA:676,0
DA:677,0
DA:678,0
DA:679,0
DA:680,0
DA:681,0
DA:682,0
DA:683,0
DA:684,0
DA:685,0
DA:686,0
DA:687,0
DA:688,0
DA:689,0
DA:690,0
DA:691,0
DA:692,0
DA:693,0
DA:694,0
DA:695,0
DA:696,0
DA:697,0
DA:698,0
DA:699,0
DA:700,0
DA:701,0
DA:702,0
DA:703,0
DA:704,0
DA:705,0
DA:706,0
DA:707,0
DA:708,0
DA:709,0
DA:710,0
DA:711,0
DA:712,0
DA:713,0
DA:714,0
DA:715,0
DA:716,0
DA:717,0
DA:718,0
DA:719,0
DA:720,0
DA:721,0
DA:722,0
DA:723,0
DA:724,0
DA:725,0
DA:726,0
DA:727,0
DA:728,0
DA:729,0
DA:730,0
DA:731,0
DA:732,0
DA:733,0
DA:734,0
DA:735,0
DA:736,0
DA:737,0
DA:738,0
DA:739,0
DA:740,0
DA:741,0
DA:742,0
DA:743,0
DA:744,0
DA:745,0
DA:746,0
DA:747,0
DA:748,0
DA:749,0
DA:750,0
DA:751,0
DA:752,0
DA:753,0
DA:754,0
DA:755,0
DA:756,0
DA:757,0
DA:758,0
DA:759,0
DA:760,0
DA:761,0
DA:762,0
DA:763,0
DA:764,0
DA:765,0
DA:766,0
DA:767,0
DA:768,0
DA:769,0
DA:770,0
DA:771,0
DA:772,0
DA:773,0
DA:774,0
DA:775,0
DA:776,0
DA:777,0
DA:778,0
DA:779,0
DA:780,0
DA:781,0
DA:782,0
DA:783,0
DA:784,0
DA:785,0
DA:786,0
DA:787,0
DA:788,0
DA:789,0
DA:790,0
DA:791,0
DA:792,0
DA:793,0
DA:794,0
DA:795,0
DA:796,0
DA:797,0
DA:798,0
DA:799,0
DA:800,0
DA:801,0
DA:802,0
DA:803,0
DA:804,0
DA:805,0
DA:806,0
DA:807,0
DA:808,0
DA:809,0
DA:810,0
DA:811,0
DA:812,0
DA:813,0
DA:814,0
DA:815,0
DA:816,0
DA:817,0
DA:818,0
DA:819,0
DA:820,0
DA:821,0
DA:822,0
DA:823,0
DA:824,0
DA:825,0
DA:826,0
DA:827,0
DA:828,0
DA:829,0
DA:830,0
DA:831,0
DA:832,0
DA:833,0
DA:834,0
DA:835,0
DA:836,0
DA:837,0
DA:838,0
DA:839,0
DA:840,0
DA:841,0
DA:842,0
DA:843,0
DA:844,0
DA:845,0
DA:846,0
DA:847,0
DA:848,0
DA:849,0
DA:850,0
DA:851,0
DA:852,0
DA:853,0
DA:854,0
DA:855,0
DA:856,0
DA:857,0
DA:858,0
DA:859,0
DA:860,0
DA:861,0
DA:862,0
DA:863,0
DA:864,0
DA:865,0
DA:866,0
DA:867,0
DA:869,181
DA:870,29
DA:871,0
DA:872,0
DA:873,0
DA:874,0
DA:875,0
DA:876,0
DA:877,0
DA:878,0
DA:879,0
DA:880,0
DA:881,0
DA:882,0
DA:883,0
DA:884,0
DA:885,0
DA:886,0
DA:887,0
DA:888,0
DA:889,4
DA:890,2
LF:891
LH:13
end_of_record
TN:
SF:packages\weather\index.ts
FNF:1
FNH:1
DA:17,39
DA:18,131
DA:25,71
LF:30
LH:3
end_of_record
TN:
SF:packages\weather\provider.test.ts
FNF:5
FNH:5
DA:1,68
DA:2,131
DA:11,61
DA:12,23
DA:13,18
DA:14,14
DA:15,42
DA:16,31
DA:17,6
DA:18,15
DA:19,44
DA:20,33
DA:21,3
DA:22,3
DA:24,57
DA:25,61
DA:26,3
DA:28,61
DA:29,10
DA:30,33
DA:31,20
DA:32,18
DA:33,16
DA:34,2
DA:35,22
DA:36,3
DA:38,67
DA:39,10
DA:40,33
DA:41,21
DA:42,19
DA:43,17
DA:44,2
DA:45,17
DA:46,21
DA:47,19
DA:48,17
DA:49,5
DA:50,3
DA:52,65
DA:53,10
DA:54,33
DA:55,28
DA:56,2
DA:57,20
DA:58,15
DA:59,47
DA:60,4
DA:62,10
DA:63,33
DA:64,31
DA:65,33
DA:66,2
DA:67,20
DA:68,15
DA:69,50
DA:70,53
DA:71,5
DA:72,3
DA:73,2
LF:74
LH:60
end_of_record
TN:
SF:packages\weather\provider.ts
FNF:2
FNH:2
DA:16,45
DA:17,50
DA:18,42
DA:19,49
DA:21,53
DA:22,50
DA:23,9
DA:24,2
DA:25,23
DA:26,20
DA:27,16
DA:28,14
DA:29,10
DA:30,8
DA:31,17
DA:32,15
DA:33,11
DA:34,5
DA:35,3
DA:37,31
DA:38,20
DA:39,74
DA:40,25
DA:41,44
DA:42,1
DA:44,15
LF:47
LH:26
end_of_record
TN:
SF:packages\weather\provider\openmeteo\conv.test.ts
FNF:6
FNH:6
DA:1,68
DA:2,78
DA:3,76
DA:4,76
DA:6,38
DA:7,88
DA:8,53
DA:9,23
DA:10,4
DA:11,3
DA:12,3
DA:14,37
DA:15,87
DA:16,52
DA:17,22
DA:18,4
DA:19,3
DA:20,3
DA:22,36
DA:23,86
DA:24,51
DA:25,21
DA:26,4
DA:27,3
DA:28,2
LF:29
LH:25
end_of_record
TN:
SF:packages\weather\provider\openmeteo\conv.ts
FNF:6
FNH:6
DA:4,21
DA:5,46
DA:6,33
DA:7,33
DA:8,15
DA:9,43
DA:10,21
DA:11,23
DA:12,32
DA:13,30
DA:14,38
DA:15,30
DA:16,30
DA:17,15
DA:18,15
DA:19,2
DA:24,23
DA:25,13
DA:26,33
DA:27,37
DA:28,35
DA:29,38
DA:30,56
DA:31,25
DA:32,2
DA:37,19
DA:38,53
DA:39,53
DA:40,44
DA:41,63
DA:42,40
DA:43,22
DA:44,28
DA:45,30
DA:46,21
DA:47,19
DA:48,39
DA:49,39
DA:50,15
DA:51,30
DA:52,55
DA:53,41
DA:54,39
DA:55,2
DA:60,6
DA:61,9
DA:62,2
DA:63,13
DA:64,16
DA:65,50
DA:66,19
DA:67,6
DA:68,58
DA:69,2
DA:72,6
DA:73,8
DA:74,2
DA:75,13
DA:76,16
DA:77,47
DA:78,18
DA:79,6
DA:80,55
DA:81,2
DA:84,6
DA:85,7
DA:86,2
DA:87,13
DA:88,16
DA:89,44
DA:90,17
DA:91,6
DA:92,52
DA:93,2
DA:96,34
DA:105,31
DA:108,16
DA:109,55
DA:110,31
DA:111,5
DA:113,38
DA:114,54
DA:115,40
DA:116,47
DA:117,38
DA:118,6
DA:121,37
DA:122,19
DA:123,17
LF:126
LH:89
end_of_record
TN:
SF:packages\weather\provider\openmeteo\index.ts
FNF:1
FNH:1
DA:1,50
LF:7
LH:1
end_of_record
TN:
SF:packages\weather\provider\openmeteo\openmeteo.test.ts
FNF:21
FNH:21
DA:1,115
DA:9,132
DA:18,76
DA:19,76
DA:20,109
DA:26,50
DA:28,30
DA:29,25
DA:30,31
DA:31,66
DA:32,28
DA:33,26
DA:34,27
DA:35,16
DA:36,3
DA:37,47
DA:38,42
DA:39,36
DA:41,67
DA:43,59
DA:44,58
DA:46,73
DA:47,45
DA:48,33
DA:49,3
DA:50,71
DA:51,79
DA:53,78
DA:54,74
DA:55,77
DA:56,3
DA:58,59
DA:59,25
DA:60,49
DA:61,21
DA:62,19
DA:63,17
DA:64,24
DA:65,5
DA:66,4
DA:67,42
DA:68,36
DA:70,67
DA:72,45
DA:73,44
DA:75,73
DA:76,63
DA:77,48
DA:78,52
DA:80,46
DA:81,44
DA:82,77
DA:83,3
DA:85,51
DA:86,25
DA:87,49
DA:88,21
DA:89,19
DA:90,17
DA:91,4
DA:92,42
DA:93,36
DA:95,67
DA:97,45
DA:98,44
DA:100,49
DA:101,53
DA:102,48
DA:103,52
DA:105,46
DA:106,44
DA:107,46
DA:108,3
DA:109,3
DA:111,41
DA:112,57
DA:113,32
DA:114,37
DA:116,18
DA:117,33
DA:118,3
DA:120,17
DA:121,21
DA:122,3
DA:124,64
DA:125,56
DA:126,15
DA:127,4
DA:128,3
DA:130,67
DA:131,55
DA:132,55
DA:133,61
DA:134,3
DA:136,68
DA:137,80
DA:138,80
DA:139,59
DA:140,15
DA:141,26
DA:142,43
DA:143,5
DA:144,3
DA:145,3
DA:147,92
DA:148,25
DA:149,31
DA:150,74
DA:151,43
DA:152,53
DA:153,18
DA:154,18
DA:155,15
DA:156,4
DA:158,35
DA:159,34
DA:160,43
DA:161,45
DA:162,44
DA:164,48
DA:165,41
DA:166,3
DA:167,49
DA:168,43
DA:169,6
DA:170,3
DA:171,3
DA:173,80
DA:174,43
DA:175,46
DA:176,41
DA:177,17
DA:178,3
DA:180,35
DA:181,34
DA:182,43
DA:183,45
DA:184,45
DA:186,48
DA:187,41
DA:188,6
DA:189,3
DA:190,3
DA:192,76
DA:193,43
DA:194,46
DA:195,41
DA:196,47
DA:197,3
DA:199,35
DA:200,34
DA:201,44
DA:202,46
DA:203,48
DA:204,3
DA:205,3
DA:207,48
DA:208,43
DA:209,23
DA:210,46
DA:211,46
DA:212,3
DA:213,46
DA:214,41
DA:215,4
DA:216,3
DA:218,35
DA:219,34
DA:220,43
DA:221,45
DA:222,44
DA:224,48
DA:225,45
DA:226,3
DA:227,49
DA:228,49
DA:229,6
DA:230,3
DA:231,3
DA:232,2
LF:233
LH:180
end_of_record
TN:
SF:packages\weather\provider\openmeteo\openmeteo.ts
FNF:10
FNH:7
DA:1,76
DA:2,71
DA:3,42
DA:11,78
DA:12,50
DA:14,78
DA:16,17
DA:17,1
DA:18,11
DA:19,8
DA:20,2
DA:21,31
DA:22,5
DA:23,52
DA:24,42
DA:25,45
DA:26,9
DA:27,39
DA:28,0
DA:29,1
DA:31,46
DA:33,1
DA:35,12
DA:36,31
DA:37,31
DA:39,40
DA:40,3
DA:42,50
DA:43,12
DA:46,6
DA:47,11
DA:48,9
DA:49,2
DA:50,46
DA:51,34
DA:53,3
DA:54,24
DA:55,25
DA:57,33
DA:58,34
DA:59,39
DA:60,1
DA:62,47
DA:63,49
DA:64,14
DA:65,12
DA:66,23
DA:67,55
DA:68,9
DA:69,4
DA:70,2
DA:72,22
DA:73,63
DA:75,22
DA:76,63
DA:77,66
DA:78,75
DA:79,1
DA:81,21
DA:82,61
DA:83,63
DA:84,72
DA:85,1
DA:87,12
DA:90,6
DA:91,10
DA:92,2
DA:93,35
DA:95,24
DA:96,32
DA:97,34
DA:98,30
DA:99,3
DA:100,38
DA:101,55
DA:103,3
DA:104,27
DA:105,47
DA:106,27
DA:107,35
DA:108,29
DA:109,25
DA:110,11
DA:111,39
DA:112,36
DA:113,2
DA:115,74
DA:116,71
DA:117,68
DA:119,15
DA:123,6
DA:124,10
DA:125,2
DA:126,28
DA:127,16
DA:128,65
DA:129,54
DA:130,2
DA:132,26
DA:133,0
DA:135,0
DA:136,0
DA:137,0
DA:138,0
DA:139,0
DA:140,0
DA:141,0
DA:142,0
DA:144,0
DA:145,0
DA:146,0
DA:147,0
DA:148,0
DA:149,0
DA:150,0
DA:151,0
DA:152,0
DA:153,0
DA:155,0
DA:156,0
DA:157,0
DA:158,0
DA:159,1
DA:161,25
DA:162,0
DA:163,0
DA:164,0
DA:165,0
DA:166,0
DA:167,0
DA:169,0
DA:170,0
DA:171,0
DA:172,0
DA:173,0
DA:174,0
DA:175,0
DA:176,0
DA:177,0
DA:178,1
DA:180,12
DA:183,0
DA:184,0
DA:185,0
DA:186,0
DA:187,0
DA:188,1
LF:190
LH:103
end_of_record
TN:
SF:packages\weather\provider\openmeteo\schema.ts
FNF:1
FNH:1
DA:99,86
DA:100,36
DA:101,21
DA:102,27
DA:103,27
DA:104,20
DA:105,11
DA:106,14
DA:107,15
DA:108,19
DA:109,18
DA:110,21
DA:111,25
DA:112,18
DA:113,3
DA:115,35
DA:116,21
DA:117,27
DA:118,27
DA:119,32
DA:120,20
DA:121,11
DA:122,14
DA:123,15
DA:124,19
DA:125,18
DA:126,22
DA:127,22
DA:128,23
DA:129,17
DA:130,21
DA:131,25
DA:132,18
DA:133,3
DA:135,34
DA:136,19
DA:137,25
DA:138,25
DA:139,31
DA:140,31
DA:141,14
DA:142,13
DA:143,24
DA:144,15
DA:145,18
DA:146,19
DA:147,26
DA:148,36
DA:149,25
DA:150,25
DA:151,31
DA:152,5
LF:154
LH:52
end_of_record
TN:
SF:packages\weather\weather.ts
FNF:2
FNH:2
DA:3,50
DA:4,75
DA:5,48
DA:7,60
DA:8,62
DA:9,54
DA:11,45
DA:12,73
DA:14,63
DA:15,69
DA:16,63
DA:18,79
DA:19,79
DA:21,59
DA:22,63
DA:23,57
DA:25,73
DA:26,73
DA:28,67
DA:29,71
DA:30,65
DA:32,57
DA:34,73
DA:35,77
DA:36,75
DA:38,73
DA:39,71
DA:41,63
DA:43,91
DA:44,92
LF:154
LH:30
end_of_record
